<?xml version="1.0" encoding="UTF-8"?>
<testsuite xmlns:xsi="http://www.w3.org/2001/XMLSchema-instance" xsi:noNamespaceSchemaLocation="https://maven.apache.org/surefire/maven-surefire-plugin/xsd/surefire-test-report-3.0.xsd" version="3.0" name="CucumberWebTest" time="4.177" tests="1" errors="0" skipped="0" failures="0">
  <properties>
[...]
</properties>
  <testcase name="Booking a flight from Mexico City to Cairo" classname="BlazeDemo Test" time="4.081">
    <system-out><![CDATA[
Scenario: Booking a flight from Mexico City to Cairo                           &amp#27;[90m# pt/tqs/login.feature:3&amp#27;[0m
13:17:31.505 [main] DEBUG io.github.bonigarcia.wdm.cache.ResolutionCache -- Resolution chrome=114 in cache (valid until 14:16:39 16/03/2024 WET)
13:17:31.509 [main] DEBUG io.github.bonigarcia.wdm.cache.ResolutionCache -- Resolution chrome114=114.0.5735.90 in cache (valid until 13:16:39 17/03/2024 WET)
13:17:31.510 [main] INFO io.github.bonigarcia.wdm.WebDriverManager -- Using chromedriver 114.0.5735.90 (resolved driver for Chrome 114)
13:17:31.526 [main] DEBUG io.github.bonigarcia.wdm.WebDriverManager -- Driver chromedriver 114.0.5735.90 found in cache
13:17:31.527 [main] INFO io.github.bonigarcia.wdm.WebDriverManager -- Exporting webdriver.chrome.driver as /home/cristiano/.cache/selenium/chromedriver/linux64/114.0.5735.90/chromedriver
13:17:31.619 [main] DEBUG io.netty.util.internal.logging.InternalLoggerFactory -- Using SLF4J as the default logging framework
13:17:31.621 [main] DEBUG io.netty.util.ResourceLeakDetector -- -Dio.netty.leakDetection.level: simple
13:17:31.621 [main] DEBUG io.netty.util.ResourceLeakDetector -- -Dio.netty.leakDetection.targetRecords: 4
13:17:31.625 [main] DEBUG io.netty.util.ResourceLeakDetectorFactory -- Loaded default ResourceLeakDetector: io.netty.util.ResourceLeakDetector@3e681bc
13:17:31.635 [main] DEBUG io.netty.util.internal.PlatformDependent0 -- -Dio.netty.noUnsafe: false
13:17:31.635 [main] DEBUG io.netty.util.internal.PlatformDependent0 -- Java version: 17
13:17:31.636 [main] DEBUG io.netty.util.internal.PlatformDependent0 -- sun.misc.Unsafe.theUnsafe: available
13:17:31.637 [main] DEBUG io.netty.util.internal.PlatformDependent0 -- sun.misc.Unsafe.copyMemory: available
13:17:31.637 [main] DEBUG io.netty.util.internal.PlatformDependent0 -- sun.misc.Unsafe.storeFence: available
13:17:31.637 [main] DEBUG io.netty.util.internal.PlatformDependent0 -- java.nio.Buffer.address: available
13:17:31.638 [main] DEBUG io.netty.util.internal.PlatformDependent0 -- direct buffer constructor: unavailable: Reflective setAccessible(true) disabled
13:17:31.638 [main] DEBUG io.netty.util.internal.PlatformDependent0 -- java.nio.Bits.unaligned: available, true
13:17:31.639 [main] DEBUG io.netty.util.internal.PlatformDependent0 -- jdk.internal.misc.Unsafe.allocateUninitializedArray(int): unavailable: class io.netty.util.internal.PlatformDependent0$7 cannot access class jdk.internal.misc.Unsafe (in module java.base) because module java.base does not export jdk.internal.misc to unnamed module @fdc8126
13:17:31.640 [main] DEBUG io.netty.util.internal.PlatformDependent0 -- java.nio.DirectByteBuffer.<init>(long, int): unavailable
13:17:31.640 [main] DEBUG io.netty.util.internal.PlatformDependent -- sun.misc.Unsafe: available
13:17:31.641 [main] DEBUG io.netty.util.internal.PlatformDependent -- maxDirectMemory: 4137680896 bytes (maybe)
13:17:31.641 [main] DEBUG io.netty.util.internal.PlatformDependent -- -Dio.netty.tmpdir: /tmp (java.io.tmpdir)
13:17:31.641 [main] DEBUG io.netty.util.internal.PlatformDependent -- -Dio.netty.bitMode: 64 (sun.arch.data.model)
13:17:31.642 [main] DEBUG io.netty.util.internal.PlatformDependent -- -Dio.netty.maxDirectMemory: -1 bytes
13:17:31.642 [main] DEBUG io.netty.util.internal.PlatformDependent -- -Dio.netty.uninitializedArrayAllocationThreshold: -1
13:17:31.642 [main] DEBUG io.netty.util.internal.CleanerJava9 -- java.nio.ByteBuffer.cleaner(): available
13:17:31.642 [main] DEBUG io.netty.util.internal.PlatformDependent -- -Dio.netty.noPreferDirect: false
13:17:31.647 [main] DEBUG io.netty.util.internal.PlatformDependent -- org.jctools-core.MpscChunkedArrayQueue: available
13:17:31.659 [main] DEBUG io.netty.util.internal.InternalThreadLocalMap -- -Dio.netty.threadLocalMap.stringBuilder.initialSize: 1024
13:17:31.659 [main] DEBUG io.netty.util.internal.InternalThreadLocalMap -- -Dio.netty.threadLocalMap.stringBuilder.maxSize: 4096
13:17:31.690 [main] DEBUG io.netty.handler.ssl.JdkSslContext -- Default protocols (JDK): [TLSv1.3, TLSv1.2] 
13:17:31.690 [main] DEBUG io.netty.handler.ssl.JdkSslContext -- Default cipher suites (JDK): [TLS_ECDHE_ECDSA_WITH_AES_256_GCM_SHA384, TLS_ECDHE_ECDSA_WITH_AES_128_GCM_SHA256, TLS_ECDHE_RSA_WITH_AES_128_GCM_SHA256, TLS_ECDHE_RSA_WITH_AES_256_GCM_SHA384, TLS_ECDHE_RSA_WITH_AES_128_CBC_SHA, TLS_ECDHE_RSA_WITH_AES_256_CBC_SHA, TLS_RSA_WITH_AES_128_GCM_SHA256, TLS_RSA_WITH_AES_128_CBC_SHA, TLS_RSA_WITH_AES_256_CBC_SHA, TLS_AES_128_GCM_SHA256, TLS_AES_256_GCM_SHA384]
13:17:31.709 [main] DEBUG io.netty.channel.MultithreadEventLoopGroup -- -Dio.netty.eventLoopThreads: 16
13:17:31.716 [main] DEBUG io.netty.channel.nio.NioEventLoop -- -Dio.netty.noKeySetOptimization: false
13:17:31.716 [main] DEBUG io.netty.channel.nio.NioEventLoop -- -Dio.netty.selectorAutoRebuildThreshold: 512
13:17:31.733 [main] DEBUG io.netty.buffer.PooledByteBufAllocator -- -Dio.netty.allocator.numHeapArenas: 16
13:17:31.734 [main] DEBUG io.netty.buffer.PooledByteBufAllocator -- -Dio.netty.allocator.numDirectArenas: 16
13:17:31.734 [main] DEBUG io.netty.buffer.PooledByteBufAllocator -- -Dio.netty.allocator.pageSize: 8192
13:17:31.734 [main] DEBUG io.netty.buffer.PooledByteBufAllocator -- -Dio.netty.allocator.maxOrder: 9
13:17:31.734 [main] DEBUG io.netty.buffer.PooledByteBufAllocator -- -Dio.netty.allocator.chunkSize: 4194304
13:17:31.734 [main] DEBUG io.netty.buffer.PooledByteBufAllocator -- -Dio.netty.allocator.smallCacheSize: 256
13:17:31.734 [main] DEBUG io.netty.buffer.PooledByteBufAllocator -- -Dio.netty.allocator.normalCacheSize: 64
13:17:31.734 [main] DEBUG io.netty.buffer.PooledByteBufAllocator -- -Dio.netty.allocator.maxCachedBufferCapacity: 32768
13:17:31.734 [main] DEBUG io.netty.buffer.PooledByteBufAllocator -- -Dio.netty.allocator.cacheTrimInterval: 8192
13:17:31.734 [main] DEBUG io.netty.buffer.PooledByteBufAllocator -- -Dio.netty.allocator.cacheTrimIntervalMillis: 0
13:17:31.734 [main] DEBUG io.netty.buffer.PooledByteBufAllocator -- -Dio.netty.allocator.useCacheForAllThreads: false
13:17:31.734 [main] DEBUG io.netty.buffer.PooledByteBufAllocator -- -Dio.netty.allocator.maxCachedByteBuffersPerChunk: 1023
13:17:31.743 [main] DEBUG io.netty.buffer.ByteBufUtil -- -Dio.netty.allocator.type: pooled
13:17:31.744 [main] DEBUG io.netty.buffer.ByteBufUtil -- -Dio.netty.threadLocalDirectBufferSize: 0
13:17:31.744 [main] DEBUG io.netty.buffer.ByteBufUtil -- -Dio.netty.maxThreadLocalCharBufferSize: 16384
13:17:31.951 [Forwarding newSession on session null to remote] DEBUG io.netty.channel.DefaultChannelId -- -Dio.netty.processId: 1946770 (auto-detected)
13:17:31.953 [Forwarding newSession on session null to remote] DEBUG io.netty.util.NetUtil -- -Djava.net.preferIPv4Stack: false
13:17:31.953 [Forwarding newSession on session null to remote] DEBUG io.netty.util.NetUtil -- -Djava.net.preferIPv6Addresses: false
13:17:31.954 [Forwarding newSession on session null to remote] DEBUG io.netty.util.NetUtilInitializations -- Loopback interface: lo (lo, 0:0:0:0:0:0:0:1%lo)
13:17:31.954 [Forwarding newSession on session null to remote] DEBUG io.netty.util.NetUtil -- /proc/sys/net/core/somaxconn: 4096
13:17:31.955 [Forwarding newSession on session null to remote] DEBUG io.netty.channel.DefaultChannelId -- -Dio.netty.machineId: 08:6a:c5:ff:fe:e2:73:1d (auto-detected)
13:17:31.983 [AsyncHttpClient-1-2] DEBUG io.netty.buffer.AbstractByteBuf -- -Dio.netty.buffer.checkAccessible: true
13:17:31.983 [AsyncHttpClient-1-2] DEBUG io.netty.buffer.AbstractByteBuf -- -Dio.netty.buffer.checkBounds: true
13:17:31.983 [AsyncHttpClient-1-2] DEBUG io.netty.util.ResourceLeakDetectorFactory -- Loaded default ResourceLeakDetector: io.netty.util.ResourceLeakDetector@529d65fe
13:17:31.992 [AsyncHttpClient-1-2] DEBUG org.asynchttpclient.netty.channel.NettyConnectListener -- Using new Channel '[id: 0x1d0794be, L:/127.0.0.1:41780 - R:localhost/127.0.0.1:10163]' for 'POST' to '/session'
13:17:32.016 [AsyncHttpClient-1-2] DEBUG io.netty.util.Recycler -- -Dio.netty.recycler.maxCapacityPerThread: 4096
13:17:32.017 [AsyncHttpClient-1-2] DEBUG io.netty.util.Recycler -- -Dio.netty.recycler.ratio: 8
13:17:32.017 [AsyncHttpClient-1-2] DEBUG io.netty.util.Recycler -- -Dio.netty.recycler.chunkSize: 32
13:17:32.017 [AsyncHttpClient-1-2] DEBUG io.netty.util.Recycler -- -Dio.netty.recycler.blocking: false
13:17:32.412 [AsyncHttpClient-1-2] DEBUG io.netty.handler.codec.compression.Brotli -- brotli4j not in the classpath; Brotli support will be unavailable.
13:17:32.412 [AsyncHttpClient-1-2] DEBUG org.asynchttpclient.netty.handler.HttpHandler -- 

Request DefaultHttpRequest(decodeResult: success, version: HTTP/1.1)
POST /session HTTP/1.1
User-Agent: selenium/4.8.1 (java unix)
Content-Length: 439
Content-Type: application/json; charset=utf-8
host: localhost:10163
accept: */*

Response DefaultHttpResponse(decodeResult: success, version: HTTP/1.1)
HTTP/1.1 200 OK
Content-Length: 823
Content-Type: application/json; charset=utf-8
cache-control: no-cache

13:17:32.417 [AsyncHttpClient-1-2] DEBUG org.asynchttpclient.netty.channel.ChannelManager -- Adding key: http://localhost:10163 for channel [id: 0x1d0794be, L:/127.0.0.1:41780 - R:localhost/127.0.0.1:10163]
13:17:32.474 [AsyncHttpClient-1-3] DEBUG org.asynchttpclient.netty.channel.NettyConnectListener -- Using new Channel '[id: 0xb33810ba, L:/127.0.0.1:57336 - R:localhost/127.0.0.1:42599]' for 'GET' to '/json/version'
13:17:32.477 [AsyncHttpClient-1-3] DEBUG org.asynchttpclient.netty.handler.HttpHandler -- 

Request DefaultFullHttpRequest(decodeResult: success, version: HTTP/1.1, content: EmptyByteBufBE)
GET /json/version HTTP/1.1
User-Agent: selenium/4.8.1 (java unix)
host: localhost:42599
accept: */*

Response DefaultHttpResponse(decodeResult: success, version: HTTP/1.1)
HTTP/1.1 200 OK
Content-Security-Policy: frame-ancestors 'none'
Content-Length: 406
Content-Type: application/json; charset=UTF-8

13:17:32.478 [AsyncHttpClient-1-3] DEBUG org.asynchttpclient.netty.channel.ChannelManager -- Adding key: http://localhost:42599 for channel [id: 0xb33810ba, L:/127.0.0.1:57336 - R:localhost/127.0.0.1:42599]
13:17:32.483 [main] DEBUG io.netty.util.internal.ThreadLocalRandom -- -Dio.netty.initialSeedUniquifier: 0x1a4f3f9ee46ae75b
13:17:32.486 [AsyncHttpClient-1-4] DEBUG org.asynchttpclient.netty.channel.NettyConnectListener -- Using new Channel '[id: 0xb2c26f3e, L:/127.0.0.1:57348 - R:localhost/127.0.0.1:42599]' for 'GET' to '/devtools/browser/a29c13e9-fb16-4188-ba83-a89e824d0c2c'
13:17:32.489 [AsyncHttpClient-1-4] DEBUG org.asynchttpclient.netty.handler.WebSocketHandler -- 

Request DefaultFullHttpRequest(decodeResult: success, version: HTTP/1.1, content: EmptyByteBufBE)
GET /devtools/browser/a29c13e9-fb16-4188-ba83-a89e824d0c2c HTTP/1.1
upgrade: websocket
connection: upgrade
sec-websocket-key: F7xBBPp/rU3F4kY56Py9mw==
sec-websocket-version: 13
origin: http://localhost:42599
host: localhost:42599
accept: */*
user-agent: AHC/2.1

Response DefaultHttpResponse(decodeResult: success, version: HTTP/1.1)
HTTP/1.1 101 WebSocket Protocol Handshake
Upgrade: WebSocket
Connection: Upgrade
Sec-WebSocket-Accept: 2evzImaDpt+/X4elk9VkKR0YP7E=

13:17:32.536 [Forwarding get on session 5e5062cd8d529453a32ac93aa3049953 to remote] DEBUG org.asynchttpclient.netty.request.NettyRequestSender -- Using pooled Channel '[id: 0x1d0794be, L:/127.0.0.1:41780 - R:localhost/127.0.0.1:10163]' for 'POST' to 'http://localhost:10163/session/5e5062cd8d529453a32ac93aa3049953/url'
13:17:32.536 [Forwarding get on session 5e5062cd8d529453a32ac93aa3049953 to remote] DEBUG org.asynchttpclient.netty.request.NettyRequestSender -- Using open Channel [id: 0x1d0794be, L:/127.0.0.1:41780 - R:localhost/127.0.0.1:10163] for POST '/session/5e5062cd8d529453a32ac93aa3049953/url'
13:17:32.750 [AsyncHttpClient-1-1] DEBUG org.asynchttpclient.netty.channel.DefaultChannelPool -- Entry count for : http://localhost:42599 : 1
13:17:33.440 [AsyncHttpClient-1-2] DEBUG org.asynchttpclient.netty.handler.HttpHandler -- 

Request DefaultHttpRequest(decodeResult: success, version: HTTP/1.1)
POST /session/5e5062cd8d529453a32ac93aa3049953/url HTTP/1.1
User-Agent: selenium/4.8.1 (java unix)
Content-Length: 46
Content-Type: application/json; charset=utf-8
host: localhost:10163
accept: */*

Response DefaultHttpResponse(decodeResult: success, version: HTTP/1.1)
HTTP/1.1 200 OK
Content-Length: 14
Content-Type: application/json; charset=utf-8
cache-control: no-cache

13:17:33.441 [AsyncHttpClient-1-2] DEBUG org.asynchttpclient.netty.channel.ChannelManager -- Adding key: http://localhost:10163 for channel [id: 0x1d0794be, L:/127.0.0.1:41780 - R:localhost/127.0.0.1:10163]
  &amp#27;[32mWhen &amp#27;[0m&amp#27;[32mI navigate to &amp#27;[0m&amp#27;[32m&amp#27;[1m'https://blazedemo.com'&amp#27;[0m                                   &amp#27;[90m# pt.tqs.ReserveFlightStepst.goToUrl(java.lang.String)&amp#27;[0m
13:17:33.445 [Forwarding findElement on session 5e5062cd8d529453a32ac93aa3049953 to remote] DEBUG org.asynchttpclient.netty.request.NettyRequestSender -- Using pooled Channel '[id: 0x1d0794be, L:/127.0.0.1:41780 - R:localhost/127.0.0.1:10163]' for 'POST' to 'http://localhost:10163/session/5e5062cd8d529453a32ac93aa3049953/element'
13:17:33.445 [Forwarding findElement on session 5e5062cd8d529453a32ac93aa3049953 to remote] DEBUG org.asynchttpclient.netty.request.NettyRequestSender -- Using open Channel [id: 0x1d0794be, L:/127.0.0.1:41780 - R:localhost/127.0.0.1:10163] for POST '/session/5e5062cd8d529453a32ac93aa3049953/element'
13:17:33.462 [AsyncHttpClient-1-2] DEBUG org.asynchttpclient.netty.handler.HttpHandler -- 

Request DefaultHttpRequest(decodeResult: success, version: HTTP/1.1)
POST /session/5e5062cd8d529453a32ac93aa3049953/element HTTP/1.1
User-Agent: selenium/4.8.1 (java unix)
Content-Length: 62
Content-Type: application/json; charset=utf-8
host: localhost:10163
accept: */*

Response DefaultHttpResponse(decodeResult: success, version: HTTP/1.1)
HTTP/1.1 200 OK
Content-Length: 94
Content-Type: application/json; charset=utf-8
cache-control: no-cache

13:17:33.463 [AsyncHttpClient-1-2] DEBUG org.asynchttpclient.netty.channel.ChannelManager -- Adding key: http://localhost:10163 for channel [id: 0x1d0794be, L:/127.0.0.1:41780 - R:localhost/127.0.0.1:10163]
13:17:33.465 [Forwarding clickElement on session 5e5062cd8d529453a32ac93aa3049953 to remote] DEBUG org.asynchttpclient.netty.request.NettyRequestSender -- Using pooled Channel '[id: 0x1d0794be, L:/127.0.0.1:41780 - R:localhost/127.0.0.1:10163]' for 'POST' to 'http://localhost:10163/session/5e5062cd8d529453a32ac93aa3049953/element/A50CF682DDFDA27DAE463AA8B5407FC5_element_4/click'
13:17:33.465 [Forwarding clickElement on session 5e5062cd8d529453a32ac93aa3049953 to remote] DEBUG org.asynchttpclient.netty.request.NettyRequestSender -- Using open Channel [id: 0x1d0794be, L:/127.0.0.1:41780 - R:localhost/127.0.0.1:10163] for POST '/session/5e5062cd8d529453a32ac93aa3049953/element/A50CF682DDFDA27DAE463AA8B5407FC5_element_4/click'
13:17:33.514 [AsyncHttpClient-1-2] DEBUG org.asynchttpclient.netty.handler.HttpHandler -- 

Request DefaultHttpRequest(decodeResult: success, version: HTTP/1.1)
POST /session/5e5062cd8d529453a32ac93aa3049953/element/A50CF682DDFDA27DAE463AA8B5407FC5_element_4/click HTTP/1.1
User-Agent: selenium/4.8.1 (java unix)
Content-Length: 56
Content-Type: application/json; charset=utf-8
host: localhost:10163
accept: */*

Response DefaultHttpResponse(decodeResult: success, version: HTTP/1.1)
HTTP/1.1 200 OK
Content-Length: 14
Content-Type: application/json; charset=utf-8
cache-control: no-cache

13:17:33.515 [AsyncHttpClient-1-2] DEBUG org.asynchttpclient.netty.channel.ChannelManager -- Adding key: http://localhost:10163 for channel [id: 0x1d0794be, L:/127.0.0.1:41780 - R:localhost/127.0.0.1:10163]
13:17:33.518 [Forwarding findElement on session 5e5062cd8d529453a32ac93aa3049953 to remote] DEBUG org.asynchttpclient.netty.request.NettyRequestSender -- Using pooled Channel '[id: 0x1d0794be, L:/127.0.0.1:41780 - R:localhost/127.0.0.1:10163]' for 'POST' to 'http://localhost:10163/session/5e5062cd8d529453a32ac93aa3049953/element'
13:17:33.518 [Forwarding findElement on session 5e5062cd8d529453a32ac93aa3049953 to remote] DEBUG org.asynchttpclient.netty.request.NettyRequestSender -- Using open Channel [id: 0x1d0794be, L:/127.0.0.1:41780 - R:localhost/127.0.0.1:10163] for POST '/session/5e5062cd8d529453a32ac93aa3049953/element'
13:17:33.528 [AsyncHttpClient-1-2] DEBUG org.asynchttpclient.netty.handler.HttpHandler -- 

Request DefaultHttpRequest(decodeResult: success, version: HTTP/1.1)
POST /session/5e5062cd8d529453a32ac93aa3049953/element HTTP/1.1
User-Agent: selenium/4.8.1 (java unix)
Content-Length: 62
Content-Type: application/json; charset=utf-8
host: localhost:10163
accept: */*

Response DefaultHttpResponse(decodeResult: success, version: HTTP/1.1)
HTTP/1.1 200 OK
Content-Length: 94
Content-Type: application/json; charset=utf-8
cache-control: no-cache

13:17:33.528 [AsyncHttpClient-1-2] DEBUG org.asynchttpclient.netty.channel.ChannelManager -- Adding key: http://localhost:10163 for channel [id: 0x1d0794be, L:/127.0.0.1:41780 - R:localhost/127.0.0.1:10163]
13:17:33.531 [Forwarding findChildElement on session 5e5062cd8d529453a32ac93aa3049953 to remote] DEBUG org.asynchttpclient.netty.request.NettyRequestSender -- Using pooled Channel '[id: 0x1d0794be, L:/127.0.0.1:41780 - R:localhost/127.0.0.1:10163]' for 'POST' to 'http://localhost:10163/session/5e5062cd8d529453a32ac93aa3049953/element/A50CF682DDFDA27DAE463AA8B5407FC5_element_4/element'
13:17:33.531 [Forwarding findChildElement on session 5e5062cd8d529453a32ac93aa3049953 to remote] DEBUG org.asynchttpclient.netty.request.NettyRequestSender -- Using open Channel [id: 0x1d0794be, L:/127.0.0.1:41780 - R:localhost/127.0.0.1:10163] for POST '/session/5e5062cd8d529453a32ac93aa3049953/element/A50CF682DDFDA27DAE463AA8B5407FC5_element_4/element'
13:17:33.543 [AsyncHttpClient-1-2] DEBUG org.asynchttpclient.netty.handler.HttpHandler -- 

Request DefaultHttpRequest(decodeResult: success, version: HTTP/1.1)
POST /session/5e5062cd8d529453a32ac93aa3049953/element/A50CF682DDFDA27DAE463AA8B5407FC5_element_4/element HTTP/1.1
User-Agent: selenium/4.8.1 (java unix)
Content-Length: 128
Content-Type: application/json; charset=utf-8
host: localhost:10163
accept: */*

Response DefaultHttpResponse(decodeResult: success, version: HTTP/1.1)
HTTP/1.1 200 OK
Content-Length: 94
Content-Type: application/json; charset=utf-8
cache-control: no-cache

13:17:33.543 [AsyncHttpClient-1-2] DEBUG org.asynchttpclient.netty.channel.ChannelManager -- Adding key: http://localhost:10163 for channel [id: 0x1d0794be, L:/127.0.0.1:41780 - R:localhost/127.0.0.1:10163]
13:17:33.545 [Forwarding clickElement on session 5e5062cd8d529453a32ac93aa3049953 to remote] DEBUG org.asynchttpclient.netty.request.NettyRequestSender -- Using pooled Channel '[id: 0x1d0794be, L:/127.0.0.1:41780 - R:localhost/127.0.0.1:10163]' for 'POST' to 'http://localhost:10163/session/5e5062cd8d529453a32ac93aa3049953/element/A50CF682DDFDA27DAE463AA8B5407FC5_element_6/click'
13:17:33.545 [Forwarding clickElement on session 5e5062cd8d529453a32ac93aa3049953 to remote] DEBUG org.asynchttpclient.netty.request.NettyRequestSender -- Using open Channel [id: 0x1d0794be, L:/127.0.0.1:41780 - R:localhost/127.0.0.1:10163] for POST '/session/5e5062cd8d529453a32ac93aa3049953/element/A50CF682DDFDA27DAE463AA8B5407FC5_element_6/click'
13:17:33.568 [AsyncHttpClient-1-2] DEBUG org.asynchttpclient.netty.handler.HttpHandler -- 

Request DefaultHttpRequest(decodeResult: success, version: HTTP/1.1)
POST /session/5e5062cd8d529453a32ac93aa3049953/element/A50CF682DDFDA27DAE463AA8B5407FC5_element_6/click HTTP/1.1
User-Agent: selenium/4.8.1 (java unix)
Content-Length: 56
Content-Type: application/json; charset=utf-8
host: localhost:10163
accept: */*

Response DefaultHttpResponse(decodeResult: success, version: HTTP/1.1)
HTTP/1.1 200 OK
Content-Length: 14
Content-Type: application/json; charset=utf-8
cache-control: no-cache

13:17:33.568 [AsyncHttpClient-1-2] DEBUG org.asynchttpclient.netty.channel.ChannelManager -- Adding key: http://localhost:10163 for channel [id: 0x1d0794be, L:/127.0.0.1:41780 - R:localhost/127.0.0.1:10163]
13:17:33.571 [Forwarding findElement on session 5e5062cd8d529453a32ac93aa3049953 to remote] DEBUG org.asynchttpclient.netty.request.NettyRequestSender -- Using pooled Channel '[id: 0x1d0794be, L:/127.0.0.1:41780 - R:localhost/127.0.0.1:10163]' for 'POST' to 'http://localhost:10163/session/5e5062cd8d529453a32ac93aa3049953/element'
13:17:33.571 [Forwarding findElement on session 5e5062cd8d529453a32ac93aa3049953 to remote] DEBUG org.asynchttpclient.netty.request.NettyRequestSender -- Using open Channel [id: 0x1d0794be, L:/127.0.0.1:41780 - R:localhost/127.0.0.1:10163] for POST '/session/5e5062cd8d529453a32ac93aa3049953/element'
13:17:33.581 [AsyncHttpClient-1-2] DEBUG org.asynchttpclient.netty.handler.HttpHandler -- 

Request DefaultHttpRequest(decodeResult: success, version: HTTP/1.1)
POST /session/5e5062cd8d529453a32ac93aa3049953/element HTTP/1.1
User-Agent: selenium/4.8.1 (java unix)
Content-Length: 60
Content-Type: application/json; charset=utf-8
host: localhost:10163
accept: */*

Response DefaultHttpResponse(decodeResult: success, version: HTTP/1.1)
HTTP/1.1 200 OK
Content-Length: 94
Content-Type: application/json; charset=utf-8
cache-control: no-cache

13:17:33.581 [AsyncHttpClient-1-2] DEBUG org.asynchttpclient.netty.channel.ChannelManager -- Adding key: http://localhost:10163 for channel [id: 0x1d0794be, L:/127.0.0.1:41780 - R:localhost/127.0.0.1:10163]
13:17:33.583 [Forwarding clickElement on session 5e5062cd8d529453a32ac93aa3049953 to remote] DEBUG org.asynchttpclient.netty.request.NettyRequestSender -- Using pooled Channel '[id: 0x1d0794be, L:/127.0.0.1:41780 - R:localhost/127.0.0.1:10163]' for 'POST' to 'http://localhost:10163/session/5e5062cd8d529453a32ac93aa3049953/element/A50CF682DDFDA27DAE463AA8B5407FC5_element_7/click'
13:17:33.583 [Forwarding clickElement on session 5e5062cd8d529453a32ac93aa3049953 to remote] DEBUG org.asynchttpclient.netty.request.NettyRequestSender -- Using open Channel [id: 0x1d0794be, L:/127.0.0.1:41780 - R:localhost/127.0.0.1:10163] for POST '/session/5e5062cd8d529453a32ac93aa3049953/element/A50CF682DDFDA27DAE463AA8B5407FC5_element_7/click'
13:17:33.630 [AsyncHttpClient-1-2] DEBUG org.asynchttpclient.netty.handler.HttpHandler -- 

Request DefaultHttpRequest(decodeResult: success, version: HTTP/1.1)
POST /session/5e5062cd8d529453a32ac93aa3049953/element/A50CF682DDFDA27DAE463AA8B5407FC5_element_7/click HTTP/1.1
User-Agent: selenium/4.8.1 (java unix)
Content-Length: 56
Content-Type: application/json; charset=utf-8
host: localhost:10163
accept: */*

Response DefaultHttpResponse(decodeResult: success, version: HTTP/1.1)
HTTP/1.1 200 OK
Content-Length: 14
Content-Type: application/json; charset=utf-8
cache-control: no-cache

13:17:33.631 [AsyncHttpClient-1-2] DEBUG org.asynchttpclient.netty.channel.ChannelManager -- Adding key: http://localhost:10163 for channel [id: 0x1d0794be, L:/127.0.0.1:41780 - R:localhost/127.0.0.1:10163]
13:17:33.633 [Forwarding findElement on session 5e5062cd8d529453a32ac93aa3049953 to remote] DEBUG org.asynchttpclient.netty.request.NettyRequestSender -- Using pooled Channel '[id: 0x1d0794be, L:/127.0.0.1:41780 - R:localhost/127.0.0.1:10163]' for 'POST' to 'http://localhost:10163/session/5e5062cd8d529453a32ac93aa3049953/element'
13:17:33.633 [Forwarding findElement on session 5e5062cd8d529453a32ac93aa3049953 to remote] DEBUG org.asynchttpclient.netty.request.NettyRequestSender -- Using open Channel [id: 0x1d0794be, L:/127.0.0.1:41780 - R:localhost/127.0.0.1:10163] for POST '/session/5e5062cd8d529453a32ac93aa3049953/element'
13:17:33.640 [AsyncHttpClient-1-2] DEBUG org.asynchttpclient.netty.handler.HttpHandler -- 

Request DefaultHttpRequest(decodeResult: success, version: HTTP/1.1)
POST /session/5e5062cd8d529453a32ac93aa3049953/element HTTP/1.1
User-Agent: selenium/4.8.1 (java unix)
Content-Length: 60
Content-Type: application/json; charset=utf-8
host: localhost:10163
accept: */*

Response DefaultHttpResponse(decodeResult: success, version: HTTP/1.1)
HTTP/1.1 200 OK
Content-Length: 94
Content-Type: application/json; charset=utf-8
cache-control: no-cache

13:17:33.640 [AsyncHttpClient-1-2] DEBUG org.asynchttpclient.netty.channel.ChannelManager -- Adding key: http://localhost:10163 for channel [id: 0x1d0794be, L:/127.0.0.1:41780 - R:localhost/127.0.0.1:10163]
13:17:33.642 [Forwarding findChildElement on session 5e5062cd8d529453a32ac93aa3049953 to remote] DEBUG org.asynchttpclient.netty.request.NettyRequestSender -- Using pooled Channel '[id: 0x1d0794be, L:/127.0.0.1:41780 - R:localhost/127.0.0.1:10163]' for 'POST' to 'http://localhost:10163/session/5e5062cd8d529453a32ac93aa3049953/element/A50CF682DDFDA27DAE463AA8B5407FC5_element_7/element'
13:17:33.642 [Forwarding findChildElement on session 5e5062cd8d529453a32ac93aa3049953 to remote] DEBUG org.asynchttpclient.netty.request.NettyRequestSender -- Using open Channel [id: 0x1d0794be, L:/127.0.0.1:41780 - R:localhost/127.0.0.1:10163] for POST '/session/5e5062cd8d529453a32ac93aa3049953/element/A50CF682DDFDA27DAE463AA8B5407FC5_element_7/element'
13:17:33.652 [AsyncHttpClient-1-2] DEBUG org.asynchttpclient.netty.handler.HttpHandler -- 

Request DefaultHttpRequest(decodeResult: success, version: HTTP/1.1)
POST /session/5e5062cd8d529453a32ac93aa3049953/element/A50CF682DDFDA27DAE463AA8B5407FC5_element_7/element HTTP/1.1
User-Agent: selenium/4.8.1 (java unix)
Content-Length: 122
Content-Type: application/json; charset=utf-8
host: localhost:10163
accept: */*

Response DefaultHttpResponse(decodeResult: success, version: HTTP/1.1)
HTTP/1.1 200 OK
Content-Length: 94
Content-Type: application/json; charset=utf-8
cache-control: no-cache

13:17:33.652 [AsyncHttpClient-1-2] DEBUG org.asynchttpclient.netty.channel.ChannelManager -- Adding key: http://localhost:10163 for channel [id: 0x1d0794be, L:/127.0.0.1:41780 - R:localhost/127.0.0.1:10163]
13:17:33.654 [Forwarding clickElement on session 5e5062cd8d529453a32ac93aa3049953 to remote] DEBUG org.asynchttpclient.netty.request.NettyRequestSender -- Using pooled Channel '[id: 0x1d0794be, L:/127.0.0.1:41780 - R:localhost/127.0.0.1:10163]' for 'POST' to 'http://localhost:10163/session/5e5062cd8d529453a32ac93aa3049953/element/A50CF682DDFDA27DAE463AA8B5407FC5_element_9/click'
13:17:33.655 [Forwarding clickElement on session 5e5062cd8d529453a32ac93aa3049953 to remote] DEBUG org.asynchttpclient.netty.request.NettyRequestSender -- Using open Channel [id: 0x1d0794be, L:/127.0.0.1:41780 - R:localhost/127.0.0.1:10163] for POST '/session/5e5062cd8d529453a32ac93aa3049953/element/A50CF682DDFDA27DAE463AA8B5407FC5_element_9/click'
13:17:33.671 [AsyncHttpClient-1-2] DEBUG org.asynchttpclient.netty.handler.HttpHandler -- 

Request DefaultHttpRequest(decodeResult: success, version: HTTP/1.1)
POST /session/5e5062cd8d529453a32ac93aa3049953/element/A50CF682DDFDA27DAE463AA8B5407FC5_element_9/click HTTP/1.1
User-Agent: selenium/4.8.1 (java unix)
Content-Length: 56
Content-Type: application/json; charset=utf-8
host: localhost:10163
accept: */*

Response DefaultHttpResponse(decodeResult: success, version: HTTP/1.1)
HTTP/1.1 200 OK
Content-Length: 14
Content-Type: application/json; charset=utf-8
cache-control: no-cache

13:17:33.671 [AsyncHttpClient-1-2] DEBUG org.asynchttpclient.netty.channel.ChannelManager -- Adding key: http://localhost:10163 for channel [id: 0x1d0794be, L:/127.0.0.1:41780 - R:localhost/127.0.0.1:10163]
  &amp#27;[32mAnd &amp#27;[0m&amp#27;[32mI choose my departure city &amp#27;[0m&amp#27;[32m&amp#27;[1m'Mexico City'&amp#27;[0m&amp#27;[32m and my destination city &amp#27;[0m&amp#27;[32m&amp#27;[1m'Cairo'&amp#27;[0m &amp#27;[90m# pt.tqs.ReserveFlightStepst.chooseCities(java.lang.String,java.lang.String)&amp#27;[0m
13:17:33.674 [Forwarding findElement on session 5e5062cd8d529453a32ac93aa3049953 to remote] DEBUG org.asynchttpclient.netty.request.NettyRequestSender -- Using pooled Channel '[id: 0x1d0794be, L:/127.0.0.1:41780 - R:localhost/127.0.0.1:10163]' for 'POST' to 'http://localhost:10163/session/5e5062cd8d529453a32ac93aa3049953/element'
13:17:33.674 [Forwarding findElement on session 5e5062cd8d529453a32ac93aa3049953 to remote] DEBUG org.asynchttpclient.netty.request.NettyRequestSender -- Using open Channel [id: 0x1d0794be, L:/127.0.0.1:41780 - R:localhost/127.0.0.1:10163] for POST '/session/5e5062cd8d529453a32ac93aa3049953/element'
13:17:33.686 [AsyncHttpClient-1-2] DEBUG org.asynchttpclient.netty.handler.HttpHandler -- 

Request DefaultHttpRequest(decodeResult: success, version: HTTP/1.1)
POST /session/5e5062cd8d529453a32ac93aa3049953/element HTTP/1.1
User-Agent: selenium/4.8.1 (java unix)
Content-Length: 56
Content-Type: application/json; charset=utf-8
host: localhost:10163
accept: */*

Response DefaultHttpResponse(decodeResult: success, version: HTTP/1.1)
HTTP/1.1 200 OK
Content-Length: 95
Content-Type: application/json; charset=utf-8
cache-control: no-cache

13:17:33.686 [AsyncHttpClient-1-2] DEBUG org.asynchttpclient.netty.channel.ChannelManager -- Adding key: http://localhost:10163 for channel [id: 0x1d0794be, L:/127.0.0.1:41780 - R:localhost/127.0.0.1:10163]
13:17:33.689 [Forwarding clickElement on session 5e5062cd8d529453a32ac93aa3049953 to remote] DEBUG org.asynchttpclient.netty.request.NettyRequestSender -- Using pooled Channel '[id: 0x1d0794be, L:/127.0.0.1:41780 - R:localhost/127.0.0.1:10163]' for 'POST' to 'http://localhost:10163/session/5e5062cd8d529453a32ac93aa3049953/element/A50CF682DDFDA27DAE463AA8B5407FC5_element_10/click'
13:17:33.689 [Forwarding clickElement on session 5e5062cd8d529453a32ac93aa3049953 to remote] DEBUG org.asynchttpclient.netty.request.NettyRequestSender -- Using open Channel [id: 0x1d0794be, L:/127.0.0.1:41780 - R:localhost/127.0.0.1:10163] for POST '/session/5e5062cd8d529453a32ac93aa3049953/element/A50CF682DDFDA27DAE463AA8B5407FC5_element_10/click'
13:17:33.850 [AsyncHttpClient-1-1] DEBUG org.asynchttpclient.netty.channel.DefaultChannelPool -- Entry count for : http://localhost:42599 : 1
13:17:34.136 [AsyncHttpClient-1-2] DEBUG org.asynchttpclient.netty.handler.HttpHandler -- 

Request DefaultHttpRequest(decodeResult: success, version: HTTP/1.1)
POST /session/5e5062cd8d529453a32ac93aa3049953/element/A50CF682DDFDA27DAE463AA8B5407FC5_element_10/click HTTP/1.1
User-Agent: selenium/4.8.1 (java unix)
Content-Length: 57
Content-Type: application/json; charset=utf-8
host: localhost:10163
accept: */*

Response DefaultHttpResponse(decodeResult: success, version: HTTP/1.1)
HTTP/1.1 200 OK
Content-Length: 14
Content-Type: application/json; charset=utf-8
cache-control: no-cache

13:17:34.136 [AsyncHttpClient-1-2] DEBUG org.asynchttpclient.netty.channel.ChannelManager -- Adding key: http://localhost:10163 for channel [id: 0x1d0794be, L:/127.0.0.1:41780 - R:localhost/127.0.0.1:10163]
  &amp#27;[32mAnd &amp#27;[0m&amp#27;[32mI click Find Flights button&amp#27;[0m                                              &amp#27;[90m# pt.tqs.ReserveFlightStepst.findFlights()&amp#27;[0m
13:17:34.138 [Forwarding findElement on session 5e5062cd8d529453a32ac93aa3049953 to remote] DEBUG org.asynchttpclient.netty.request.NettyRequestSender -- Using pooled Channel '[id: 0x1d0794be, L:/127.0.0.1:41780 - R:localhost/127.0.0.1:10163]' for 'POST' to 'http://localhost:10163/session/5e5062cd8d529453a32ac93aa3049953/element'
13:17:34.138 [Forwarding findElement on session 5e5062cd8d529453a32ac93aa3049953 to remote] DEBUG org.asynchttpclient.netty.request.NettyRequestSender -- Using open Channel [id: 0x1d0794be, L:/127.0.0.1:41780 - R:localhost/127.0.0.1:10163] for POST '/session/5e5062cd8d529453a32ac93aa3049953/element'
13:17:34.171 [AsyncHttpClient-1-2] DEBUG org.asynchttpclient.netty.handler.HttpHandler -- 

Request DefaultHttpRequest(decodeResult: success, version: HTTP/1.1)
POST /session/5e5062cd8d529453a32ac93aa3049953/element HTTP/1.1
User-Agent: selenium/4.8.1 (java unix)
Content-Length: 46
Content-Type: application/json; charset=utf-8
host: localhost:10163
accept: */*

Response DefaultHttpResponse(decodeResult: success, version: HTTP/1.1)
HTTP/1.1 200 OK
Content-Length: 95
Content-Type: application/json; charset=utf-8
cache-control: no-cache

13:17:34.172 [AsyncHttpClient-1-2] DEBUG org.asynchttpclient.netty.channel.ChannelManager -- Adding key: http://localhost:10163 for channel [id: 0x1d0794be, L:/127.0.0.1:41780 - R:localhost/127.0.0.1:10163]
13:17:34.173 [Forwarding getElementText on session 5e5062cd8d529453a32ac93aa3049953 to remote] DEBUG org.asynchttpclient.netty.request.NettyRequestSender -- Using pooled Channel '[id: 0x1d0794be, L:/127.0.0.1:41780 - R:localhost/127.0.0.1:10163]' for 'GET' to 'http://localhost:10163/session/5e5062cd8d529453a32ac93aa3049953/element/1A989F4707BCDEADF8AE4BEB28EE3306_element_12/text'
13:17:34.173 [Forwarding getElementText on session 5e5062cd8d529453a32ac93aa3049953 to remote] DEBUG org.asynchttpclient.netty.request.NettyRequestSender -- Using open Channel [id: 0x1d0794be, L:/127.0.0.1:41780 - R:localhost/127.0.0.1:10163] for GET '/session/5e5062cd8d529453a32ac93aa3049953/element/1A989F4707BCDEADF8AE4BEB28EE3306_element_12/text'
13:17:34.186 [AsyncHttpClient-1-2] DEBUG org.asynchttpclient.netty.handler.HttpHandler -- 

Request DefaultFullHttpRequest(decodeResult: success, version: HTTP/1.1, content: EmptyByteBufBE)
GET /session/5e5062cd8d529453a32ac93aa3049953/element/1A989F4707BCDEADF8AE4BEB28EE3306_element_12/text HTTP/1.1
User-Agent: selenium/4.8.1 (java unix)
Cache-Control: no-cache
Content-Type: application/json; charset=utf-8
host: localhost:10163
accept: */*

Response DefaultHttpResponse(decodeResult: success, version: HTTP/1.1)
HTTP/1.1 200 OK
Content-Length: 46
Content-Type: application/json; charset=utf-8
cache-control: no-cache

13:17:34.187 [AsyncHttpClient-1-2] DEBUG org.asynchttpclient.netty.channel.ChannelManager -- Adding key: http://localhost:10163 for channel [id: 0x1d0794be, L:/127.0.0.1:41780 - R:localhost/127.0.0.1:10163]
  &amp#27;[32mAnd &amp#27;[0m&amp#27;[32mPage should say &amp#27;[0m&amp#27;[32m&amp#27;[1m'Flights from Mexico City to Cairo'&amp#27;[0m                      &amp#27;[90m# pt.tqs.ReserveFlightStepst.pageSays(java.lang.String)&amp#27;[0m
13:17:34.200 [Forwarding findElement on session 5e5062cd8d529453a32ac93aa3049953 to remote] DEBUG org.asynchttpclient.netty.request.NettyRequestSender -- Using pooled Channel '[id: 0x1d0794be, L:/127.0.0.1:41780 - R:localhost/127.0.0.1:10163]' for 'POST' to 'http://localhost:10163/session/5e5062cd8d529453a32ac93aa3049953/element'
13:17:34.201 [Forwarding findElement on session 5e5062cd8d529453a32ac93aa3049953 to remote] DEBUG org.asynchttpclient.netty.request.NettyRequestSender -- Using open Channel [id: 0x1d0794be, L:/127.0.0.1:41780 - R:localhost/127.0.0.1:10163] for POST '/session/5e5062cd8d529453a32ac93aa3049953/element'
13:17:34.210 [AsyncHttpClient-1-2] DEBUG org.asynchttpclient.netty.handler.HttpHandler -- 

Request DefaultHttpRequest(decodeResult: success, version: HTTP/1.1)
POST /session/5e5062cd8d529453a32ac93aa3049953/element HTTP/1.1
User-Agent: selenium/4.8.1 (java unix)
Content-Length: 64
Content-Type: application/json; charset=utf-8
host: localhost:10163
accept: */*

Response DefaultHttpResponse(decodeResult: success, version: HTTP/1.1)
HTTP/1.1 200 OK
Content-Length: 95
Content-Type: application/json; charset=utf-8
cache-control: no-cache

13:17:34.211 [AsyncHttpClient-1-2] DEBUG org.asynchttpclient.netty.channel.ChannelManager -- Adding key: http://localhost:10163 for channel [id: 0x1d0794be, L:/127.0.0.1:41780 - R:localhost/127.0.0.1:10163]
13:17:34.213 [Forwarding clickElement on session 5e5062cd8d529453a32ac93aa3049953 to remote] DEBUG org.asynchttpclient.netty.request.NettyRequestSender -- Using pooled Channel '[id: 0x1d0794be, L:/127.0.0.1:41780 - R:localhost/127.0.0.1:10163]' for 'POST' to 'http://localhost:10163/session/5e5062cd8d529453a32ac93aa3049953/element/1A989F4707BCDEADF8AE4BEB28EE3306_element_13/click'
13:17:34.213 [Forwarding clickElement on session 5e5062cd8d529453a32ac93aa3049953 to remote] DEBUG org.asynchttpclient.netty.request.NettyRequestSender -- Using open Channel [id: 0x1d0794be, L:/127.0.0.1:41780 - R:localhost/127.0.0.1:10163] for POST '/session/5e5062cd8d529453a32ac93aa3049953/element/1A989F4707BCDEADF8AE4BEB28EE3306_element_13/click'
13:17:34.594 [AsyncHttpClient-1-2] DEBUG org.asynchttpclient.netty.handler.HttpHandler -- 

Request DefaultHttpRequest(decodeResult: success, version: HTTP/1.1)
POST /session/5e5062cd8d529453a32ac93aa3049953/element/1A989F4707BCDEADF8AE4BEB28EE3306_element_13/click HTTP/1.1
User-Agent: selenium/4.8.1 (java unix)
Content-Length: 57
Content-Type: application/json; charset=utf-8
host: localhost:10163
accept: */*

Response DefaultHttpResponse(decodeResult: success, version: HTTP/1.1)
HTTP/1.1 200 OK
Content-Length: 14
Content-Type: application/json; charset=utf-8
cache-control: no-cache

13:17:34.595 [AsyncHttpClient-1-2] DEBUG org.asynchttpclient.netty.channel.ChannelManager -- Adding key: http://localhost:10163 for channel [id: 0x1d0794be, L:/127.0.0.1:41780 - R:localhost/127.0.0.1:10163]
  &amp#27;[32mAnd &amp#27;[0m&amp#27;[32mI choose a flight and click the button&amp#27;[0m                                   &amp#27;[90m# pt.tqs.ReserveFlightStepst.chooseFlight()&amp#27;[0m
13:17:34.597 [Forwarding findElement on session 5e5062cd8d529453a32ac93aa3049953 to remote] DEBUG org.asynchttpclient.netty.request.NettyRequestSender -- Using pooled Channel '[id: 0x1d0794be, L:/127.0.0.1:41780 - R:localhost/127.0.0.1:10163]' for 'POST' to 'http://localhost:10163/session/5e5062cd8d529453a32ac93aa3049953/element'
13:17:34.597 [Forwarding findElement on session 5e5062cd8d529453a32ac93aa3049953 to remote] DEBUG org.asynchttpclient.netty.request.NettyRequestSender -- Using open Channel [id: 0x1d0794be, L:/127.0.0.1:41780 - R:localhost/127.0.0.1:10163] for POST '/session/5e5062cd8d529453a32ac93aa3049953/element'
13:17:34.612 [AsyncHttpClient-1-2] DEBUG org.asynchttpclient.netty.handler.HttpHandler -- 

Request DefaultHttpRequest(decodeResult: success, version: HTTP/1.1)
POST /session/5e5062cd8d529453a32ac93aa3049953/element HTTP/1.1
User-Agent: selenium/4.8.1 (java unix)
Content-Length: 54
Content-Type: application/json; charset=utf-8
host: localhost:10163
accept: */*

Response DefaultHttpResponse(decodeResult: success, version: HTTP/1.1)
HTTP/1.1 200 OK
Content-Length: 95
Content-Type: application/json; charset=utf-8
cache-control: no-cache

13:17:34.612 [AsyncHttpClient-1-2] DEBUG org.asynchttpclient.netty.channel.ChannelManager -- Adding key: http://localhost:10163 for channel [id: 0x1d0794be, L:/127.0.0.1:41780 - R:localhost/127.0.0.1:10163]
13:17:34.614 [Forwarding sendKeysToElement on session 5e5062cd8d529453a32ac93aa3049953 to remote] DEBUG org.asynchttpclient.netty.request.NettyRequestSender -- Using pooled Channel '[id: 0x1d0794be, L:/127.0.0.1:41780 - R:localhost/127.0.0.1:10163]' for 'POST' to 'http://localhost:10163/session/5e5062cd8d529453a32ac93aa3049953/element/2DD7DEB1938CE4126F196218E9274020_element_16/value'
13:17:34.615 [Forwarding sendKeysToElement on session 5e5062cd8d529453a32ac93aa3049953 to remote] DEBUG org.asynchttpclient.netty.request.NettyRequestSender -- Using open Channel [id: 0x1d0794be, L:/127.0.0.1:41780 - R:localhost/127.0.0.1:10163] for POST '/session/5e5062cd8d529453a32ac93aa3049953/element/2DD7DEB1938CE4126F196218E9274020_element_16/value'
13:17:34.660 [AsyncHttpClient-1-2] DEBUG org.asynchttpclient.netty.handler.HttpHandler -- 

Request DefaultHttpRequest(decodeResult: success, version: HTTP/1.1)
POST /session/5e5062cd8d529453a32ac93aa3049953/element/2DD7DEB1938CE4126F196218E9274020_element_16/value HTTP/1.1
User-Agent: selenium/4.8.1 (java unix)
Content-Length: 258
Content-Type: application/json; charset=utf-8
host: localhost:10163
accept: */*

Response DefaultHttpResponse(decodeResult: success, version: HTTP/1.1)
HTTP/1.1 200 OK
Content-Length: 14
Content-Type: application/json; charset=utf-8
cache-control: no-cache

13:17:34.661 [AsyncHttpClient-1-2] DEBUG org.asynchttpclient.netty.channel.ChannelManager -- Adding key: http://localhost:10163 for channel [id: 0x1d0794be, L:/127.0.0.1:41780 - R:localhost/127.0.0.1:10163]
  &amp#27;[32mAnd &amp#27;[0m&amp#27;[32mI fill in my name as &amp#27;[0m&amp#27;[32m&amp#27;[1m'Cristiano Ronaldo'&amp#27;[0m                                 &amp#27;[90m# pt.tqs.ReserveFlightStepst.fillName(java.lang.String)&amp#27;[0m
13:17:34.662 [Forwarding findElement on session 5e5062cd8d529453a32ac93aa3049953 to remote] DEBUG org.asynchttpclient.netty.request.NettyRequestSender -- Using pooled Channel '[id: 0x1d0794be, L:/127.0.0.1:41780 - R:localhost/127.0.0.1:10163]' for 'POST' to 'http://localhost:10163/session/5e5062cd8d529453a32ac93aa3049953/element'
13:17:34.663 [Forwarding findElement on session 5e5062cd8d529453a32ac93aa3049953 to remote] DEBUG org.asynchttpclient.netty.request.NettyRequestSender -- Using open Channel [id: 0x1d0794be, L:/127.0.0.1:41780 - R:localhost/127.0.0.1:10163] for POST '/session/5e5062cd8d529453a32ac93aa3049953/element'
13:17:34.671 [AsyncHttpClient-1-2] DEBUG org.asynchttpclient.netty.handler.HttpHandler -- 

Request DefaultHttpRequest(decodeResult: success, version: HTTP/1.1)
POST /session/5e5062cd8d529453a32ac93aa3049953/element HTTP/1.1
User-Agent: selenium/4.8.1 (java unix)
Content-Length: 49
Content-Type: application/json; charset=utf-8
host: localhost:10163
accept: */*

Response DefaultHttpResponse(decodeResult: success, version: HTTP/1.1)
HTTP/1.1 200 OK
Content-Length: 95
Content-Type: application/json; charset=utf-8
cache-control: no-cache

13:17:34.672 [AsyncHttpClient-1-2] DEBUG org.asynchttpclient.netty.channel.ChannelManager -- Adding key: http://localhost:10163 for channel [id: 0x1d0794be, L:/127.0.0.1:41780 - R:localhost/127.0.0.1:10163]
13:17:34.674 [Forwarding sendKeysToElement on session 5e5062cd8d529453a32ac93aa3049953 to remote] DEBUG org.asynchttpclient.netty.request.NettyRequestSender -- Using pooled Channel '[id: 0x1d0794be, L:/127.0.0.1:41780 - R:localhost/127.0.0.1:10163]' for 'POST' to 'http://localhost:10163/session/5e5062cd8d529453a32ac93aa3049953/element/2DD7DEB1938CE4126F196218E9274020_element_20/value'
13:17:34.674 [Forwarding sendKeysToElement on session 5e5062cd8d529453a32ac93aa3049953 to remote] DEBUG org.asynchttpclient.netty.request.NettyRequestSender -- Using open Channel [id: 0x1d0794be, L:/127.0.0.1:41780 - R:localhost/127.0.0.1:10163] for POST '/session/5e5062cd8d529453a32ac93aa3049953/element/2DD7DEB1938CE4126F196218E9274020_element_20/value'
13:17:34.719 [AsyncHttpClient-1-2] DEBUG org.asynchttpclient.netty.handler.HttpHandler -- 

Request DefaultHttpRequest(decodeResult: success, version: HTTP/1.1)
POST /session/5e5062cd8d529453a32ac93aa3049953/element/2DD7DEB1938CE4126F196218E9274020_element_20/value HTTP/1.1
User-Agent: selenium/4.8.1 (java unix)
Content-Length: 208
Content-Type: application/json; charset=utf-8
host: localhost:10163
accept: */*

Response DefaultHttpResponse(decodeResult: success, version: HTTP/1.1)
HTTP/1.1 200 OK
Content-Length: 14
Content-Type: application/json; charset=utf-8
cache-control: no-cache

13:17:34.720 [AsyncHttpClient-1-2] DEBUG org.asynchttpclient.netty.channel.ChannelManager -- Adding key: http://localhost:10163 for channel [id: 0x1d0794be, L:/127.0.0.1:41780 - R:localhost/127.0.0.1:10163]
  &amp#27;[32mAnd &amp#27;[0m&amp#27;[32mI fill in my city as &amp#27;[0m&amp#27;[32m&amp#27;[1m'Madeira City'&amp#27;[0m                                      &amp#27;[90m# pt.tqs.ReserveFlightStepst.fillCity(java.lang.String)&amp#27;[0m
13:17:34.721 [Forwarding findElement on session 5e5062cd8d529453a32ac93aa3049953 to remote] DEBUG org.asynchttpclient.netty.request.NettyRequestSender -- Using pooled Channel '[id: 0x1d0794be, L:/127.0.0.1:41780 - R:localhost/127.0.0.1:10163]' for 'POST' to 'http://localhost:10163/session/5e5062cd8d529453a32ac93aa3049953/element'
13:17:34.722 [Forwarding findElement on session 5e5062cd8d529453a32ac93aa3049953 to remote] DEBUG org.asynchttpclient.netty.request.NettyRequestSender -- Using open Channel [id: 0x1d0794be, L:/127.0.0.1:41780 - R:localhost/127.0.0.1:10163] for POST '/session/5e5062cd8d529453a32ac93aa3049953/element'
13:17:34.729 [AsyncHttpClient-1-2] DEBUG org.asynchttpclient.netty.handler.HttpHandler -- 

Request DefaultHttpRequest(decodeResult: success, version: HTTP/1.1)
POST /session/5e5062cd8d529453a32ac93aa3049953/element HTTP/1.1
User-Agent: selenium/4.8.1 (java unix)
Content-Length: 56
Content-Type: application/json; charset=utf-8
host: localhost:10163
accept: */*

Response DefaultHttpResponse(decodeResult: success, version: HTTP/1.1)
HTTP/1.1 200 OK
Content-Length: 95
Content-Type: application/json; charset=utf-8
cache-control: no-cache

13:17:34.730 [AsyncHttpClient-1-2] DEBUG org.asynchttpclient.netty.channel.ChannelManager -- Adding key: http://localhost:10163 for channel [id: 0x1d0794be, L:/127.0.0.1:41780 - R:localhost/127.0.0.1:10163]
13:17:34.731 [Forwarding clickElement on session 5e5062cd8d529453a32ac93aa3049953 to remote] DEBUG org.asynchttpclient.netty.request.NettyRequestSender -- Using pooled Channel '[id: 0x1d0794be, L:/127.0.0.1:41780 - R:localhost/127.0.0.1:10163]' for 'POST' to 'http://localhost:10163/session/5e5062cd8d529453a32ac93aa3049953/element/2DD7DEB1938CE4126F196218E9274020_element_21/click'
13:17:34.731 [Forwarding clickElement on session 5e5062cd8d529453a32ac93aa3049953 to remote] DEBUG org.asynchttpclient.netty.request.NettyRequestSender -- Using open Channel [id: 0x1d0794be, L:/127.0.0.1:41780 - R:localhost/127.0.0.1:10163] for POST '/session/5e5062cd8d529453a32ac93aa3049953/element/2DD7DEB1938CE4126F196218E9274020_element_21/click'
13:17:34.951 [AsyncHttpClient-1-1] DEBUG org.asynchttpclient.netty.channel.DefaultChannelPool -- Entry count for : http://localhost:42599 : 1
13:17:35.100 [AsyncHttpClient-1-2] DEBUG org.asynchttpclient.netty.handler.HttpHandler -- 

Request DefaultHttpRequest(decodeResult: success, version: HTTP/1.1)
POST /session/5e5062cd8d529453a32ac93aa3049953/element/2DD7DEB1938CE4126F196218E9274020_element_21/click HTTP/1.1
User-Agent: selenium/4.8.1 (java unix)
Content-Length: 57
Content-Type: application/json; charset=utf-8
host: localhost:10163
accept: */*

Response DefaultHttpResponse(decodeResult: success, version: HTTP/1.1)
HTTP/1.1 200 OK
Content-Length: 14
Content-Type: application/json; charset=utf-8
cache-control: no-cache

13:17:35.100 [AsyncHttpClient-1-2] DEBUG org.asynchttpclient.netty.channel.ChannelManager -- Adding key: http://localhost:10163 for channel [id: 0x1d0794be, L:/127.0.0.1:41780 - R:localhost/127.0.0.1:10163]
  &amp#27;[32mAnd &amp#27;[0m&amp#27;[32mI click Purchase Flight button&amp#27;[0m                                           &amp#27;[90m# pt.tqs.ReserveFlightStepst.purchaseFlight()&amp#27;[0m
13:17:35.102 [Forwarding getTitle on session 5e5062cd8d529453a32ac93aa3049953 to remote] DEBUG org.asynchttpclient.netty.request.NettyRequestSender -- Using pooled Channel '[id: 0x1d0794be, L:/127.0.0.1:41780 - R:localhost/127.0.0.1:10163]' for 'GET' to 'http://localhost:10163/session/5e5062cd8d529453a32ac93aa3049953/title'
13:17:35.102 [Forwarding getTitle on session 5e5062cd8d529453a32ac93aa3049953 to remote] DEBUG org.asynchttpclient.netty.request.NettyRequestSender -- Using open Channel [id: 0x1d0794be, L:/127.0.0.1:41780 - R:localhost/127.0.0.1:10163] for GET '/session/5e5062cd8d529453a32ac93aa3049953/title'
13:17:35.105 [AsyncHttpClient-1-2] DEBUG org.asynchttpclient.netty.handler.HttpHandler -- 

Request DefaultFullHttpRequest(decodeResult: success, version: HTTP/1.1, content: EmptyByteBufBE)
GET /session/5e5062cd8d529453a32ac93aa3049953/title HTTP/1.1
User-Agent: selenium/4.8.1 (java unix)
Cache-Control: no-cache
Content-Type: application/json; charset=utf-8
host: localhost:10163
accept: */*

Response DefaultHttpResponse(decodeResult: success, version: HTTP/1.1)
HTTP/1.1 200 OK
Content-Length: 34
Content-Type: application/json; charset=utf-8
cache-control: no-cache

13:17:35.105 [AsyncHttpClient-1-2] DEBUG org.asynchttpclient.netty.channel.ChannelManager -- Adding key: http://localhost:10163 for channel [id: 0x1d0794be, L:/127.0.0.1:41780 - R:localhost/127.0.0.1:10163]
  &amp#27;[32mThen &amp#27;[0m&amp#27;[32mPage title should be &amp#27;[0m&amp#27;[32m&amp#27;[1m'BlazeDemo Confirmation'&amp#27;[0m                           &amp#27;[90m# pt.tqs.ReserveFlightStepst.assertTitle(java.lang.String)&amp#27;[0m
]]></system-out>
    <system-err><![CDATA[Starting ChromeDriver 114.0.5735.90 (386bc09e8f4f2e025eddae123f36f6263096ae49-refs/branch-heads/5735@{#1052}) on port 10163
Only local connections are allowed.
Please see https://chromedriver.chromium.org/security-considerations for suggestions on keeping ChromeDriver safe.
ChromeDriver was started successfully.
mar. 16, 2024 1:17:32 DA TARDE org.openqa.selenium.devtools.CdpVersionFinder findNearestMatch
WARNING: Unable to find an exact match for CDP version 114, so returning the closest version found: 110
]]></system-err>
  </testcase>
</testsuite>