<?xml version="1.0" encoding="UTF-8"?>
<testsuite xmlns:xsi="http://www.w3.org/2001/XMLSchema-instance" xsi:noNamespaceSchemaLocation="https://maven.apache.org/surefire/maven-surefire-plugin/xsd/surefire-test-report-3.0.xsd" version="3.0" name="tqs.lab5.CucumberWebTest" time="3.367" tests="1" errors="0" skipped="0" failures="0">
  <properties>
[...]
</properties>
  <testcase name="Booking a flight from Mexico City to Cairo" classname="BlazeDemo Test" time="3.362">
    <system-out><![CDATA[
Scenario: Booking a flight from Mexico City to Cairo                           &amp#27;[90m# pt/tqs/login.feature:3&amp#27;[0m
13:17:35.139 [main] DEBUG io.github.bonigarcia.wdm.cache.ResolutionCache -- Resolution chrome=114 in cache (valid until 14:16:39 16/03/2024 WET)
13:17:35.140 [main] DEBUG io.github.bonigarcia.wdm.cache.ResolutionCache -- Resolution chrome114=114.0.5735.90 in cache (valid until 13:16:39 17/03/2024 WET)
13:17:35.140 [main] INFO io.github.bonigarcia.wdm.WebDriverManager -- Using chromedriver 114.0.5735.90 (resolved driver for Chrome 114)
13:17:35.143 [main] DEBUG io.github.bonigarcia.wdm.WebDriverManager -- Driver chromedriver 114.0.5735.90 found in cache
13:17:35.143 [main] INFO io.github.bonigarcia.wdm.WebDriverManager -- Exporting webdriver.chrome.driver as /home/cristiano/.cache/selenium/chromedriver/linux64/114.0.5735.90/chromedriver
13:17:35.203 [AsyncHttpClient-1-5] DEBUG org.asynchttpclient.netty.channel.NettyConnectListener -- Using new Channel '[id: 0xe9c7c46b, L:/127.0.0.1:40926 - R:localhost/127.0.0.1:11270]' for 'POST' to '/session'
13:17:35.561 [AsyncHttpClient-1-5] DEBUG org.asynchttpclient.netty.handler.HttpHandler -- 

Request DefaultHttpRequest(decodeResult: success, version: HTTP/1.1)
POST /session HTTP/1.1
User-Agent: selenium/4.8.1 (java unix)
Content-Length: 439
Content-Type: application/json; charset=utf-8
host: localhost:11270
accept: */*

Response DefaultHttpResponse(decodeResult: success, version: HTTP/1.1)
HTTP/1.1 200 OK
Content-Length: 823
Content-Type: application/json; charset=utf-8
cache-control: no-cache

13:17:35.561 [AsyncHttpClient-1-5] DEBUG org.asynchttpclient.netty.channel.ChannelManager -- Adding key: http://localhost:11270 for channel [id: 0xe9c7c46b, L:/127.0.0.1:40926 - R:localhost/127.0.0.1:11270]
13:17:35.567 [AsyncHttpClient-1-6] DEBUG org.asynchttpclient.netty.channel.NettyConnectListener -- Using new Channel '[id: 0x3e0d6e7a, L:/127.0.0.1:59626 - R:localhost/127.0.0.1:43443]' for 'GET' to '/json/version'
13:17:35.596 [AsyncHttpClient-1-6] DEBUG org.asynchttpclient.netty.handler.HttpHandler -- 

Request DefaultFullHttpRequest(decodeResult: success, version: HTTP/1.1, content: EmptyByteBufBE)
GET /json/version HTTP/1.1
User-Agent: selenium/4.8.1 (java unix)
host: localhost:43443
accept: */*

Response DefaultHttpResponse(decodeResult: success, version: HTTP/1.1)
HTTP/1.1 200 OK
Content-Security-Policy: frame-ancestors 'none'
Content-Length: 406
Content-Type: application/json; charset=UTF-8

13:17:35.596 [AsyncHttpClient-1-6] DEBUG org.asynchttpclient.netty.channel.ChannelManager -- Adding key: http://localhost:43443 for channel [id: 0x3e0d6e7a, L:/127.0.0.1:59626 - R:localhost/127.0.0.1:43443]
13:17:35.599 [AsyncHttpClient-1-7] DEBUG org.asynchttpclient.netty.channel.NettyConnectListener -- Using new Channel '[id: 0x4cf1d2dd, L:/127.0.0.1:59630 - R:localhost/127.0.0.1:43443]' for 'GET' to '/devtools/browser/f4393313-5bf6-4623-be52-5232579b4ae5'
13:17:35.603 [AsyncHttpClient-1-7] DEBUG org.asynchttpclient.netty.handler.WebSocketHandler -- 

Request DefaultFullHttpRequest(decodeResult: success, version: HTTP/1.1, content: EmptyByteBufBE)
GET /devtools/browser/f4393313-5bf6-4623-be52-5232579b4ae5 HTTP/1.1
upgrade: websocket
connection: upgrade
sec-websocket-key: 9m0s4Radi4J61pAE2eV6Mw==
sec-websocket-version: 13
origin: http://localhost:43443
host: localhost:43443
accept: */*
user-agent: AHC/2.1

Response DefaultHttpResponse(decodeResult: success, version: HTTP/1.1)
HTTP/1.1 101 WebSocket Protocol Handshake
Upgrade: WebSocket
Connection: Upgrade
Sec-WebSocket-Accept: wihEGC5YsKJ4jwdnpfAiFN0DipU=

13:17:35.609 [Forwarding get on session 6dd95b39c962feb19c3b7c819eb02852 to remote] DEBUG org.asynchttpclient.netty.request.NettyRequestSender -- Using pooled Channel '[id: 0xe9c7c46b, L:/127.0.0.1:40926 - R:localhost/127.0.0.1:11270]' for 'POST' to 'http://localhost:11270/session/6dd95b39c962feb19c3b7c819eb02852/url'
13:17:35.609 [Forwarding get on session 6dd95b39c962feb19c3b7c819eb02852 to remote] DEBUG org.asynchttpclient.netty.request.NettyRequestSender -- Using open Channel [id: 0xe9c7c46b, L:/127.0.0.1:40926 - R:localhost/127.0.0.1:11270] for POST '/session/6dd95b39c962feb19c3b7c819eb02852/url'
13:17:36.050 [AsyncHttpClient-1-1] DEBUG org.asynchttpclient.netty.channel.DefaultChannelPool -- Entry count for : http://localhost:10163 : 1
13:17:36.050 [AsyncHttpClient-1-1] DEBUG org.asynchttpclient.netty.channel.DefaultChannelPool -- Entry count for : http://localhost:43443 : 1
13:17:36.050 [AsyncHttpClient-1-1] DEBUG org.asynchttpclient.netty.channel.DefaultChannelPool -- Entry count for : http://localhost:42599 : 1
13:17:36.671 [AsyncHttpClient-1-5] DEBUG org.asynchttpclient.netty.handler.HttpHandler -- 

Request DefaultHttpRequest(decodeResult: success, version: HTTP/1.1)
POST /session/6dd95b39c962feb19c3b7c819eb02852/url HTTP/1.1
User-Agent: selenium/4.8.1 (java unix)
Content-Length: 46
Content-Type: application/json; charset=utf-8
host: localhost:11270
accept: */*

Response DefaultHttpResponse(decodeResult: success, version: HTTP/1.1)
HTTP/1.1 200 OK
Content-Length: 14
Content-Type: application/json; charset=utf-8
cache-control: no-cache

13:17:36.672 [AsyncHttpClient-1-5] DEBUG org.asynchttpclient.netty.channel.ChannelManager -- Adding key: http://localhost:11270 for channel [id: 0xe9c7c46b, L:/127.0.0.1:40926 - R:localhost/127.0.0.1:11270]
  &amp#27;[32mWhen &amp#27;[0m&amp#27;[32mI navigate to &amp#27;[0m&amp#27;[32m&amp#27;[1m'https://blazedemo.com'&amp#27;[0m                                   &amp#27;[90m# pt.tqs.ReserveFlightStepst.goToUrl(java.lang.String)&amp#27;[0m
13:17:36.673 [Forwarding findElement on session 6dd95b39c962feb19c3b7c819eb02852 to remote] DEBUG org.asynchttpclient.netty.request.NettyRequestSender -- Using pooled Channel '[id: 0xe9c7c46b, L:/127.0.0.1:40926 - R:localhost/127.0.0.1:11270]' for 'POST' to 'http://localhost:11270/session/6dd95b39c962feb19c3b7c819eb02852/element'
13:17:36.673 [Forwarding findElement on session 6dd95b39c962feb19c3b7c819eb02852 to remote] DEBUG org.asynchttpclient.netty.request.NettyRequestSender -- Using open Channel [id: 0xe9c7c46b, L:/127.0.0.1:40926 - R:localhost/127.0.0.1:11270] for POST '/session/6dd95b39c962feb19c3b7c819eb02852/element'
13:17:36.686 [AsyncHttpClient-1-5] DEBUG org.asynchttpclient.netty.handler.HttpHandler -- 

Request DefaultHttpRequest(decodeResult: success, version: HTTP/1.1)
POST /session/6dd95b39c962feb19c3b7c819eb02852/element HTTP/1.1
User-Agent: selenium/4.8.1 (java unix)
Content-Length: 62
Content-Type: application/json; charset=utf-8
host: localhost:11270
accept: */*

Response DefaultHttpResponse(decodeResult: success, version: HTTP/1.1)
HTTP/1.1 200 OK
Content-Length: 94
Content-Type: application/json; charset=utf-8
cache-control: no-cache

13:17:36.686 [AsyncHttpClient-1-5] DEBUG org.asynchttpclient.netty.channel.ChannelManager -- Adding key: http://localhost:11270 for channel [id: 0xe9c7c46b, L:/127.0.0.1:40926 - R:localhost/127.0.0.1:11270]
13:17:36.688 [Forwarding clickElement on session 6dd95b39c962feb19c3b7c819eb02852 to remote] DEBUG org.asynchttpclient.netty.request.NettyRequestSender -- Using pooled Channel '[id: 0xe9c7c46b, L:/127.0.0.1:40926 - R:localhost/127.0.0.1:11270]' for 'POST' to 'http://localhost:11270/session/6dd95b39c962feb19c3b7c819eb02852/element/FD645F73A6ABA33AE6537AC8C052D340_element_4/click'
13:17:36.688 [Forwarding clickElement on session 6dd95b39c962feb19c3b7c819eb02852 to remote] DEBUG org.asynchttpclient.netty.request.NettyRequestSender -- Using open Channel [id: 0xe9c7c46b, L:/127.0.0.1:40926 - R:localhost/127.0.0.1:11270] for POST '/session/6dd95b39c962feb19c3b7c819eb02852/element/FD645F73A6ABA33AE6537AC8C052D340_element_4/click'
13:17:36.721 [AsyncHttpClient-1-5] DEBUG org.asynchttpclient.netty.handler.HttpHandler -- 

Request DefaultHttpRequest(decodeResult: success, version: HTTP/1.1)
POST /session/6dd95b39c962feb19c3b7c819eb02852/element/FD645F73A6ABA33AE6537AC8C052D340_element_4/click HTTP/1.1
User-Agent: selenium/4.8.1 (java unix)
Content-Length: 56
Content-Type: application/json; charset=utf-8
host: localhost:11270
accept: */*

Response DefaultHttpResponse(decodeResult: success, version: HTTP/1.1)
HTTP/1.1 200 OK
Content-Length: 14
Content-Type: application/json; charset=utf-8
cache-control: no-cache

13:17:36.722 [AsyncHttpClient-1-5] DEBUG org.asynchttpclient.netty.channel.ChannelManager -- Adding key: http://localhost:11270 for channel [id: 0xe9c7c46b, L:/127.0.0.1:40926 - R:localhost/127.0.0.1:11270]
13:17:36.724 [Forwarding findElement on session 6dd95b39c962feb19c3b7c819eb02852 to remote] DEBUG org.asynchttpclient.netty.request.NettyRequestSender -- Using pooled Channel '[id: 0xe9c7c46b, L:/127.0.0.1:40926 - R:localhost/127.0.0.1:11270]' for 'POST' to 'http://localhost:11270/session/6dd95b39c962feb19c3b7c819eb02852/element'
13:17:36.724 [Forwarding findElement on session 6dd95b39c962feb19c3b7c819eb02852 to remote] DEBUG org.asynchttpclient.netty.request.NettyRequestSender -- Using open Channel [id: 0xe9c7c46b, L:/127.0.0.1:40926 - R:localhost/127.0.0.1:11270] for POST '/session/6dd95b39c962feb19c3b7c819eb02852/element'
13:17:36.730 [AsyncHttpClient-1-5] DEBUG org.asynchttpclient.netty.handler.HttpHandler -- 

Request DefaultHttpRequest(decodeResult: success, version: HTTP/1.1)
POST /session/6dd95b39c962feb19c3b7c819eb02852/element HTTP/1.1
User-Agent: selenium/4.8.1 (java unix)
Content-Length: 62
Content-Type: application/json; charset=utf-8
host: localhost:11270
accept: */*

Response DefaultHttpResponse(decodeResult: success, version: HTTP/1.1)
HTTP/1.1 200 OK
Content-Length: 94
Content-Type: application/json; charset=utf-8
cache-control: no-cache

13:17:36.730 [AsyncHttpClient-1-5] DEBUG org.asynchttpclient.netty.channel.ChannelManager -- Adding key: http://localhost:11270 for channel [id: 0xe9c7c46b, L:/127.0.0.1:40926 - R:localhost/127.0.0.1:11270]
13:17:36.732 [Forwarding findChildElement on session 6dd95b39c962feb19c3b7c819eb02852 to remote] DEBUG org.asynchttpclient.netty.request.NettyRequestSender -- Using pooled Channel '[id: 0xe9c7c46b, L:/127.0.0.1:40926 - R:localhost/127.0.0.1:11270]' for 'POST' to 'http://localhost:11270/session/6dd95b39c962feb19c3b7c819eb02852/element/FD645F73A6ABA33AE6537AC8C052D340_element_4/element'
13:17:36.732 [Forwarding findChildElement on session 6dd95b39c962feb19c3b7c819eb02852 to remote] DEBUG org.asynchttpclient.netty.request.NettyRequestSender -- Using open Channel [id: 0xe9c7c46b, L:/127.0.0.1:40926 - R:localhost/127.0.0.1:11270] for POST '/session/6dd95b39c962feb19c3b7c819eb02852/element/FD645F73A6ABA33AE6537AC8C052D340_element_4/element'
13:17:36.741 [AsyncHttpClient-1-5] DEBUG org.asynchttpclient.netty.handler.HttpHandler -- 

Request DefaultHttpRequest(decodeResult: success, version: HTTP/1.1)
POST /session/6dd95b39c962feb19c3b7c819eb02852/element/FD645F73A6ABA33AE6537AC8C052D340_element_4/element HTTP/1.1
User-Agent: selenium/4.8.1 (java unix)
Content-Length: 128
Content-Type: application/json; charset=utf-8
host: localhost:11270
accept: */*

Response DefaultHttpResponse(decodeResult: success, version: HTTP/1.1)
HTTP/1.1 200 OK
Content-Length: 94
Content-Type: application/json; charset=utf-8
cache-control: no-cache

13:17:36.741 [AsyncHttpClient-1-5] DEBUG org.asynchttpclient.netty.channel.ChannelManager -- Adding key: http://localhost:11270 for channel [id: 0xe9c7c46b, L:/127.0.0.1:40926 - R:localhost/127.0.0.1:11270]
13:17:36.743 [Forwarding clickElement on session 6dd95b39c962feb19c3b7c819eb02852 to remote] DEBUG org.asynchttpclient.netty.request.NettyRequestSender -- Using pooled Channel '[id: 0xe9c7c46b, L:/127.0.0.1:40926 - R:localhost/127.0.0.1:11270]' for 'POST' to 'http://localhost:11270/session/6dd95b39c962feb19c3b7c819eb02852/element/FD645F73A6ABA33AE6537AC8C052D340_element_6/click'
13:17:36.743 [Forwarding clickElement on session 6dd95b39c962feb19c3b7c819eb02852 to remote] DEBUG org.asynchttpclient.netty.request.NettyRequestSender -- Using open Channel [id: 0xe9c7c46b, L:/127.0.0.1:40926 - R:localhost/127.0.0.1:11270] for POST '/session/6dd95b39c962feb19c3b7c819eb02852/element/FD645F73A6ABA33AE6537AC8C052D340_element_6/click'
13:17:36.761 [AsyncHttpClient-1-5] DEBUG org.asynchttpclient.netty.handler.HttpHandler -- 

Request DefaultHttpRequest(decodeResult: success, version: HTTP/1.1)
POST /session/6dd95b39c962feb19c3b7c819eb02852/element/FD645F73A6ABA33AE6537AC8C052D340_element_6/click HTTP/1.1
User-Agent: selenium/4.8.1 (java unix)
Content-Length: 56
Content-Type: application/json; charset=utf-8
host: localhost:11270
accept: */*

Response DefaultHttpResponse(decodeResult: success, version: HTTP/1.1)
HTTP/1.1 200 OK
Content-Length: 14
Content-Type: application/json; charset=utf-8
cache-control: no-cache

13:17:36.761 [AsyncHttpClient-1-5] DEBUG org.asynchttpclient.netty.channel.ChannelManager -- Adding key: http://localhost:11270 for channel [id: 0xe9c7c46b, L:/127.0.0.1:40926 - R:localhost/127.0.0.1:11270]
13:17:36.770 [Forwarding findElement on session 6dd95b39c962feb19c3b7c819eb02852 to remote] DEBUG org.asynchttpclient.netty.request.NettyRequestSender -- Using pooled Channel '[id: 0xe9c7c46b, L:/127.0.0.1:40926 - R:localhost/127.0.0.1:11270]' for 'POST' to 'http://localhost:11270/session/6dd95b39c962feb19c3b7c819eb02852/element'
13:17:36.770 [Forwarding findElement on session 6dd95b39c962feb19c3b7c819eb02852 to remote] DEBUG org.asynchttpclient.netty.request.NettyRequestSender -- Using open Channel [id: 0xe9c7c46b, L:/127.0.0.1:40926 - R:localhost/127.0.0.1:11270] for POST '/session/6dd95b39c962feb19c3b7c819eb02852/element'
13:17:36.778 [AsyncHttpClient-1-5] DEBUG org.asynchttpclient.netty.handler.HttpHandler -- 

Request DefaultHttpRequest(decodeResult: success, version: HTTP/1.1)
POST /session/6dd95b39c962feb19c3b7c819eb02852/element HTTP/1.1
User-Agent: selenium/4.8.1 (java unix)
Content-Length: 60
Content-Type: application/json; charset=utf-8
host: localhost:11270
accept: */*

Response DefaultHttpResponse(decodeResult: success, version: HTTP/1.1)
HTTP/1.1 200 OK
Content-Length: 94
Content-Type: application/json; charset=utf-8
cache-control: no-cache

13:17:36.779 [AsyncHttpClient-1-5] DEBUG org.asynchttpclient.netty.channel.ChannelManager -- Adding key: http://localhost:11270 for channel [id: 0xe9c7c46b, L:/127.0.0.1:40926 - R:localhost/127.0.0.1:11270]
13:17:36.780 [Forwarding clickElement on session 6dd95b39c962feb19c3b7c819eb02852 to remote] DEBUG org.asynchttpclient.netty.request.NettyRequestSender -- Using pooled Channel '[id: 0xe9c7c46b, L:/127.0.0.1:40926 - R:localhost/127.0.0.1:11270]' for 'POST' to 'http://localhost:11270/session/6dd95b39c962feb19c3b7c819eb02852/element/FD645F73A6ABA33AE6537AC8C052D340_element_7/click'
13:17:36.780 [Forwarding clickElement on session 6dd95b39c962feb19c3b7c819eb02852 to remote] DEBUG org.asynchttpclient.netty.request.NettyRequestSender -- Using open Channel [id: 0xe9c7c46b, L:/127.0.0.1:40926 - R:localhost/127.0.0.1:11270] for POST '/session/6dd95b39c962feb19c3b7c819eb02852/element/FD645F73A6ABA33AE6537AC8C052D340_element_7/click'
13:17:36.823 [AsyncHttpClient-1-5] DEBUG org.asynchttpclient.netty.handler.HttpHandler -- 

Request DefaultHttpRequest(decodeResult: success, version: HTTP/1.1)
POST /session/6dd95b39c962feb19c3b7c819eb02852/element/FD645F73A6ABA33AE6537AC8C052D340_element_7/click HTTP/1.1
User-Agent: selenium/4.8.1 (java unix)
Content-Length: 56
Content-Type: application/json; charset=utf-8
host: localhost:11270
accept: */*

Response DefaultHttpResponse(decodeResult: success, version: HTTP/1.1)
HTTP/1.1 200 OK
Content-Length: 14
Content-Type: application/json; charset=utf-8
cache-control: no-cache

13:17:36.823 [AsyncHttpClient-1-5] DEBUG org.asynchttpclient.netty.channel.ChannelManager -- Adding key: http://localhost:11270 for channel [id: 0xe9c7c46b, L:/127.0.0.1:40926 - R:localhost/127.0.0.1:11270]
13:17:36.825 [Forwarding findElement on session 6dd95b39c962feb19c3b7c819eb02852 to remote] DEBUG org.asynchttpclient.netty.request.NettyRequestSender -- Using pooled Channel '[id: 0xe9c7c46b, L:/127.0.0.1:40926 - R:localhost/127.0.0.1:11270]' for 'POST' to 'http://localhost:11270/session/6dd95b39c962feb19c3b7c819eb02852/element'
13:17:36.825 [Forwarding findElement on session 6dd95b39c962feb19c3b7c819eb02852 to remote] DEBUG org.asynchttpclient.netty.request.NettyRequestSender -- Using open Channel [id: 0xe9c7c46b, L:/127.0.0.1:40926 - R:localhost/127.0.0.1:11270] for POST '/session/6dd95b39c962feb19c3b7c819eb02852/element'
13:17:36.831 [AsyncHttpClient-1-5] DEBUG org.asynchttpclient.netty.handler.HttpHandler -- 

Request DefaultHttpRequest(decodeResult: success, version: HTTP/1.1)
POST /session/6dd95b39c962feb19c3b7c819eb02852/element HTTP/1.1
User-Agent: selenium/4.8.1 (java unix)
Content-Length: 60
Content-Type: application/json; charset=utf-8
host: localhost:11270
accept: */*

Response DefaultHttpResponse(decodeResult: success, version: HTTP/1.1)
HTTP/1.1 200 OK
Content-Length: 94
Content-Type: application/json; charset=utf-8
cache-control: no-cache

13:17:36.831 [AsyncHttpClient-1-5] DEBUG org.asynchttpclient.netty.channel.ChannelManager -- Adding key: http://localhost:11270 for channel [id: 0xe9c7c46b, L:/127.0.0.1:40926 - R:localhost/127.0.0.1:11270]
13:17:36.832 [Forwarding findChildElement on session 6dd95b39c962feb19c3b7c819eb02852 to remote] DEBUG org.asynchttpclient.netty.request.NettyRequestSender -- Using pooled Channel '[id: 0xe9c7c46b, L:/127.0.0.1:40926 - R:localhost/127.0.0.1:11270]' for 'POST' to 'http://localhost:11270/session/6dd95b39c962feb19c3b7c819eb02852/element/FD645F73A6ABA33AE6537AC8C052D340_element_7/element'
13:17:36.832 [Forwarding findChildElement on session 6dd95b39c962feb19c3b7c819eb02852 to remote] DEBUG org.asynchttpclient.netty.request.NettyRequestSender -- Using open Channel [id: 0xe9c7c46b, L:/127.0.0.1:40926 - R:localhost/127.0.0.1:11270] for POST '/session/6dd95b39c962feb19c3b7c819eb02852/element/FD645F73A6ABA33AE6537AC8C052D340_element_7/element'
13:17:36.842 [AsyncHttpClient-1-5] DEBUG org.asynchttpclient.netty.handler.HttpHandler -- 

Request DefaultHttpRequest(decodeResult: success, version: HTTP/1.1)
POST /session/6dd95b39c962feb19c3b7c819eb02852/element/FD645F73A6ABA33AE6537AC8C052D340_element_7/element HTTP/1.1
User-Agent: selenium/4.8.1 (java unix)
Content-Length: 122
Content-Type: application/json; charset=utf-8
host: localhost:11270
accept: */*

Response DefaultHttpResponse(decodeResult: success, version: HTTP/1.1)
HTTP/1.1 200 OK
Content-Length: 94
Content-Type: application/json; charset=utf-8
cache-control: no-cache

13:17:36.842 [AsyncHttpClient-1-5] DEBUG org.asynchttpclient.netty.channel.ChannelManager -- Adding key: http://localhost:11270 for channel [id: 0xe9c7c46b, L:/127.0.0.1:40926 - R:localhost/127.0.0.1:11270]
13:17:36.843 [Forwarding clickElement on session 6dd95b39c962feb19c3b7c819eb02852 to remote] DEBUG org.asynchttpclient.netty.request.NettyRequestSender -- Using pooled Channel '[id: 0xe9c7c46b, L:/127.0.0.1:40926 - R:localhost/127.0.0.1:11270]' for 'POST' to 'http://localhost:11270/session/6dd95b39c962feb19c3b7c819eb02852/element/FD645F73A6ABA33AE6537AC8C052D340_element_9/click'
13:17:36.844 [Forwarding clickElement on session 6dd95b39c962feb19c3b7c819eb02852 to remote] DEBUG org.asynchttpclient.netty.request.NettyRequestSender -- Using open Channel [id: 0xe9c7c46b, L:/127.0.0.1:40926 - R:localhost/127.0.0.1:11270] for POST '/session/6dd95b39c962feb19c3b7c819eb02852/element/FD645F73A6ABA33AE6537AC8C052D340_element_9/click'
13:17:36.857 [AsyncHttpClient-1-5] DEBUG org.asynchttpclient.netty.handler.HttpHandler -- 

Request DefaultHttpRequest(decodeResult: success, version: HTTP/1.1)
POST /session/6dd95b39c962feb19c3b7c819eb02852/element/FD645F73A6ABA33AE6537AC8C052D340_element_9/click HTTP/1.1
User-Agent: selenium/4.8.1 (java unix)
Content-Length: 56
Content-Type: application/json; charset=utf-8
host: localhost:11270
accept: */*

Response DefaultHttpResponse(decodeResult: success, version: HTTP/1.1)
HTTP/1.1 200 OK
Content-Length: 14
Content-Type: application/json; charset=utf-8
cache-control: no-cache

13:17:36.857 [AsyncHttpClient-1-5] DEBUG org.asynchttpclient.netty.channel.ChannelManager -- Adding key: http://localhost:11270 for channel [id: 0xe9c7c46b, L:/127.0.0.1:40926 - R:localhost/127.0.0.1:11270]
  &amp#27;[32mAnd &amp#27;[0m&amp#27;[32mI choose my departure city &amp#27;[0m&amp#27;[32m&amp#27;[1m'Mexico City'&amp#27;[0m&amp#27;[32m and my destination city &amp#27;[0m&amp#27;[32m&amp#27;[1m'Cairo'&amp#27;[0m &amp#27;[90m# pt.tqs.ReserveFlightStepst.chooseCities(java.lang.String,java.lang.String)&amp#27;[0m
13:17:36.858 [Forwarding findElement on session 6dd95b39c962feb19c3b7c819eb02852 to remote] DEBUG org.asynchttpclient.netty.request.NettyRequestSender -- Using pooled Channel '[id: 0xe9c7c46b, L:/127.0.0.1:40926 - R:localhost/127.0.0.1:11270]' for 'POST' to 'http://localhost:11270/session/6dd95b39c962feb19c3b7c819eb02852/element'
13:17:36.859 [Forwarding findElement on session 6dd95b39c962feb19c3b7c819eb02852 to remote] DEBUG org.asynchttpclient.netty.request.NettyRequestSender -- Using open Channel [id: 0xe9c7c46b, L:/127.0.0.1:40926 - R:localhost/127.0.0.1:11270] for POST '/session/6dd95b39c962feb19c3b7c819eb02852/element'
13:17:36.866 [AsyncHttpClient-1-5] DEBUG org.asynchttpclient.netty.handler.HttpHandler -- 

Request DefaultHttpRequest(decodeResult: success, version: HTTP/1.1)
POST /session/6dd95b39c962feb19c3b7c819eb02852/element HTTP/1.1
User-Agent: selenium/4.8.1 (java unix)
Content-Length: 56
Content-Type: application/json; charset=utf-8
host: localhost:11270
accept: */*

Response DefaultHttpResponse(decodeResult: success, version: HTTP/1.1)
HTTP/1.1 200 OK
Content-Length: 95
Content-Type: application/json; charset=utf-8
cache-control: no-cache

13:17:36.867 [AsyncHttpClient-1-5] DEBUG org.asynchttpclient.netty.channel.ChannelManager -- Adding key: http://localhost:11270 for channel [id: 0xe9c7c46b, L:/127.0.0.1:40926 - R:localhost/127.0.0.1:11270]
13:17:36.868 [Forwarding clickElement on session 6dd95b39c962feb19c3b7c819eb02852 to remote] DEBUG org.asynchttpclient.netty.request.NettyRequestSender -- Using pooled Channel '[id: 0xe9c7c46b, L:/127.0.0.1:40926 - R:localhost/127.0.0.1:11270]' for 'POST' to 'http://localhost:11270/session/6dd95b39c962feb19c3b7c819eb02852/element/FD645F73A6ABA33AE6537AC8C052D340_element_10/click'
13:17:36.868 [Forwarding clickElement on session 6dd95b39c962feb19c3b7c819eb02852 to remote] DEBUG org.asynchttpclient.netty.request.NettyRequestSender -- Using open Channel [id: 0xe9c7c46b, L:/127.0.0.1:40926 - R:localhost/127.0.0.1:11270] for POST '/session/6dd95b39c962feb19c3b7c819eb02852/element/FD645F73A6ABA33AE6537AC8C052D340_element_10/click'
13:17:37.150 [AsyncHttpClient-1-1] DEBUG org.asynchttpclient.netty.channel.DefaultChannelPool -- Entry count for : http://localhost:10163 : 1
13:17:37.151 [AsyncHttpClient-1-1] DEBUG org.asynchttpclient.netty.channel.DefaultChannelPool -- Entry count for : http://localhost:43443 : 1
13:17:37.151 [AsyncHttpClient-1-1] DEBUG org.asynchttpclient.netty.channel.DefaultChannelPool -- Entry count for : http://localhost:42599 : 1
13:17:37.196 [AsyncHttpClient-1-5] DEBUG org.asynchttpclient.netty.handler.HttpHandler -- 

Request DefaultHttpRequest(decodeResult: success, version: HTTP/1.1)
POST /session/6dd95b39c962feb19c3b7c819eb02852/element/FD645F73A6ABA33AE6537AC8C052D340_element_10/click HTTP/1.1
User-Agent: selenium/4.8.1 (java unix)
Content-Length: 57
Content-Type: application/json; charset=utf-8
host: localhost:11270
accept: */*

Response DefaultHttpResponse(decodeResult: success, version: HTTP/1.1)
HTTP/1.1 200 OK
Content-Length: 14
Content-Type: application/json; charset=utf-8
cache-control: no-cache

13:17:37.196 [AsyncHttpClient-1-5] DEBUG org.asynchttpclient.netty.channel.ChannelManager -- Adding key: http://localhost:11270 for channel [id: 0xe9c7c46b, L:/127.0.0.1:40926 - R:localhost/127.0.0.1:11270]
  &amp#27;[32mAnd &amp#27;[0m&amp#27;[32mI click Find Flights button&amp#27;[0m                                              &amp#27;[90m# pt.tqs.ReserveFlightStepst.findFlights()&amp#27;[0m
13:17:37.198 [Forwarding findElement on session 6dd95b39c962feb19c3b7c819eb02852 to remote] DEBUG org.asynchttpclient.netty.request.NettyRequestSender -- Using pooled Channel '[id: 0xe9c7c46b, L:/127.0.0.1:40926 - R:localhost/127.0.0.1:11270]' for 'POST' to 'http://localhost:11270/session/6dd95b39c962feb19c3b7c819eb02852/element'
13:17:37.198 [Forwarding findElement on session 6dd95b39c962feb19c3b7c819eb02852 to remote] DEBUG org.asynchttpclient.netty.request.NettyRequestSender -- Using open Channel [id: 0xe9c7c46b, L:/127.0.0.1:40926 - R:localhost/127.0.0.1:11270] for POST '/session/6dd95b39c962feb19c3b7c819eb02852/element'
13:17:37.233 [AsyncHttpClient-1-5] DEBUG org.asynchttpclient.netty.handler.HttpHandler -- 

Request DefaultHttpRequest(decodeResult: success, version: HTTP/1.1)
POST /session/6dd95b39c962feb19c3b7c819eb02852/element HTTP/1.1
User-Agent: selenium/4.8.1 (java unix)
Content-Length: 46
Content-Type: application/json; charset=utf-8
host: localhost:11270
accept: */*

Response DefaultHttpResponse(decodeResult: success, version: HTTP/1.1)
HTTP/1.1 200 OK
Content-Length: 95
Content-Type: application/json; charset=utf-8
cache-control: no-cache

13:17:37.234 [AsyncHttpClient-1-5] DEBUG org.asynchttpclient.netty.channel.ChannelManager -- Adding key: http://localhost:11270 for channel [id: 0xe9c7c46b, L:/127.0.0.1:40926 - R:localhost/127.0.0.1:11270]
13:17:37.235 [Forwarding getElementText on session 6dd95b39c962feb19c3b7c819eb02852 to remote] DEBUG org.asynchttpclient.netty.request.NettyRequestSender -- Using pooled Channel '[id: 0xe9c7c46b, L:/127.0.0.1:40926 - R:localhost/127.0.0.1:11270]' for 'GET' to 'http://localhost:11270/session/6dd95b39c962feb19c3b7c819eb02852/element/1D95651EA5824BA791D8200996F09716_element_12/text'
13:17:37.235 [Forwarding getElementText on session 6dd95b39c962feb19c3b7c819eb02852 to remote] DEBUG org.asynchttpclient.netty.request.NettyRequestSender -- Using open Channel [id: 0xe9c7c46b, L:/127.0.0.1:40926 - R:localhost/127.0.0.1:11270] for GET '/session/6dd95b39c962feb19c3b7c819eb02852/element/1D95651EA5824BA791D8200996F09716_element_12/text'
13:17:37.247 [AsyncHttpClient-1-5] DEBUG org.asynchttpclient.netty.handler.HttpHandler -- 

Request DefaultFullHttpRequest(decodeResult: success, version: HTTP/1.1, content: EmptyByteBufBE)
GET /session/6dd95b39c962feb19c3b7c819eb02852/element/1D95651EA5824BA791D8200996F09716_element_12/text HTTP/1.1
User-Agent: selenium/4.8.1 (java unix)
Cache-Control: no-cache
Content-Type: application/json; charset=utf-8
host: localhost:11270
accept: */*

Response DefaultHttpResponse(decodeResult: success, version: HTTP/1.1)
HTTP/1.1 200 OK
Content-Length: 46
Content-Type: application/json; charset=utf-8
cache-control: no-cache

13:17:37.247 [AsyncHttpClient-1-5] DEBUG org.asynchttpclient.netty.channel.ChannelManager -- Adding key: http://localhost:11270 for channel [id: 0xe9c7c46b, L:/127.0.0.1:40926 - R:localhost/127.0.0.1:11270]
  &amp#27;[32mAnd &amp#27;[0m&amp#27;[32mPage should say &amp#27;[0m&amp#27;[32m&amp#27;[1m'Flights from Mexico City to Cairo'&amp#27;[0m                      &amp#27;[90m# pt.tqs.ReserveFlightStepst.pageSays(java.lang.String)&amp#27;[0m
13:17:37.248 [Forwarding findElement on session 6dd95b39c962feb19c3b7c819eb02852 to remote] DEBUG org.asynchttpclient.netty.request.NettyRequestSender -- Using pooled Channel '[id: 0xe9c7c46b, L:/127.0.0.1:40926 - R:localhost/127.0.0.1:11270]' for 'POST' to 'http://localhost:11270/session/6dd95b39c962feb19c3b7c819eb02852/element'
13:17:37.249 [Forwarding findElement on session 6dd95b39c962feb19c3b7c819eb02852 to remote] DEBUG org.asynchttpclient.netty.request.NettyRequestSender -- Using open Channel [id: 0xe9c7c46b, L:/127.0.0.1:40926 - R:localhost/127.0.0.1:11270] for POST '/session/6dd95b39c962feb19c3b7c819eb02852/element'
13:17:37.257 [AsyncHttpClient-1-5] DEBUG org.asynchttpclient.netty.handler.HttpHandler -- 

Request DefaultHttpRequest(decodeResult: success, version: HTTP/1.1)
POST /session/6dd95b39c962feb19c3b7c819eb02852/element HTTP/1.1
User-Agent: selenium/4.8.1 (java unix)
Content-Length: 64
Content-Type: application/json; charset=utf-8
host: localhost:11270
accept: */*

Response DefaultHttpResponse(decodeResult: success, version: HTTP/1.1)
HTTP/1.1 200 OK
Content-Length: 95
Content-Type: application/json; charset=utf-8
cache-control: no-cache

13:17:37.257 [AsyncHttpClient-1-5] DEBUG org.asynchttpclient.netty.channel.ChannelManager -- Adding key: http://localhost:11270 for channel [id: 0xe9c7c46b, L:/127.0.0.1:40926 - R:localhost/127.0.0.1:11270]
13:17:37.258 [Forwarding clickElement on session 6dd95b39c962feb19c3b7c819eb02852 to remote] DEBUG org.asynchttpclient.netty.request.NettyRequestSender -- Using pooled Channel '[id: 0xe9c7c46b, L:/127.0.0.1:40926 - R:localhost/127.0.0.1:11270]' for 'POST' to 'http://localhost:11270/session/6dd95b39c962feb19c3b7c819eb02852/element/1D95651EA5824BA791D8200996F09716_element_13/click'
13:17:37.259 [Forwarding clickElement on session 6dd95b39c962feb19c3b7c819eb02852 to remote] DEBUG org.asynchttpclient.netty.request.NettyRequestSender -- Using open Channel [id: 0xe9c7c46b, L:/127.0.0.1:40926 - R:localhost/127.0.0.1:11270] for POST '/session/6dd95b39c962feb19c3b7c819eb02852/element/1D95651EA5824BA791D8200996F09716_element_13/click'
13:17:37.667 [AsyncHttpClient-1-5] DEBUG org.asynchttpclient.netty.handler.HttpHandler -- 

Request DefaultHttpRequest(decodeResult: success, version: HTTP/1.1)
POST /session/6dd95b39c962feb19c3b7c819eb02852/element/1D95651EA5824BA791D8200996F09716_element_13/click HTTP/1.1
User-Agent: selenium/4.8.1 (java unix)
Content-Length: 57
Content-Type: application/json; charset=utf-8
host: localhost:11270
accept: */*

Response DefaultHttpResponse(decodeResult: success, version: HTTP/1.1)
HTTP/1.1 200 OK
Content-Length: 14
Content-Type: application/json; charset=utf-8
cache-control: no-cache

13:17:37.667 [AsyncHttpClient-1-5] DEBUG org.asynchttpclient.netty.channel.ChannelManager -- Adding key: http://localhost:11270 for channel [id: 0xe9c7c46b, L:/127.0.0.1:40926 - R:localhost/127.0.0.1:11270]
  &amp#27;[32mAnd &amp#27;[0m&amp#27;[32mI choose a flight and click the button&amp#27;[0m                                   &amp#27;[90m# pt.tqs.ReserveFlightStepst.chooseFlight()&amp#27;[0m
13:17:37.669 [Forwarding findElement on session 6dd95b39c962feb19c3b7c819eb02852 to remote] DEBUG org.asynchttpclient.netty.request.NettyRequestSender -- Using pooled Channel '[id: 0xe9c7c46b, L:/127.0.0.1:40926 - R:localhost/127.0.0.1:11270]' for 'POST' to 'http://localhost:11270/session/6dd95b39c962feb19c3b7c819eb02852/element'
13:17:37.669 [Forwarding findElement on session 6dd95b39c962feb19c3b7c819eb02852 to remote] DEBUG org.asynchttpclient.netty.request.NettyRequestSender -- Using open Channel [id: 0xe9c7c46b, L:/127.0.0.1:40926 - R:localhost/127.0.0.1:11270] for POST '/session/6dd95b39c962feb19c3b7c819eb02852/element'
13:17:37.679 [AsyncHttpClient-1-5] DEBUG org.asynchttpclient.netty.handler.HttpHandler -- 

Request DefaultHttpRequest(decodeResult: success, version: HTTP/1.1)
POST /session/6dd95b39c962feb19c3b7c819eb02852/element HTTP/1.1
User-Agent: selenium/4.8.1 (java unix)
Content-Length: 54
Content-Type: application/json; charset=utf-8
host: localhost:11270
accept: */*

Response DefaultHttpResponse(decodeResult: success, version: HTTP/1.1)
HTTP/1.1 200 OK
Content-Length: 95
Content-Type: application/json; charset=utf-8
cache-control: no-cache

13:17:37.680 [AsyncHttpClient-1-5] DEBUG org.asynchttpclient.netty.channel.ChannelManager -- Adding key: http://localhost:11270 for channel [id: 0xe9c7c46b, L:/127.0.0.1:40926 - R:localhost/127.0.0.1:11270]
13:17:37.681 [Forwarding sendKeysToElement on session 6dd95b39c962feb19c3b7c819eb02852 to remote] DEBUG org.asynchttpclient.netty.request.NettyRequestSender -- Using pooled Channel '[id: 0xe9c7c46b, L:/127.0.0.1:40926 - R:localhost/127.0.0.1:11270]' for 'POST' to 'http://localhost:11270/session/6dd95b39c962feb19c3b7c819eb02852/element/730AAEA76281086E92569EF66147A835_element_16/value'
13:17:37.681 [Forwarding sendKeysToElement on session 6dd95b39c962feb19c3b7c819eb02852 to remote] DEBUG org.asynchttpclient.netty.request.NettyRequestSender -- Using open Channel [id: 0xe9c7c46b, L:/127.0.0.1:40926 - R:localhost/127.0.0.1:11270] for POST '/session/6dd95b39c962feb19c3b7c819eb02852/element/730AAEA76281086E92569EF66147A835_element_16/value'
13:17:37.721 [AsyncHttpClient-1-5] DEBUG org.asynchttpclient.netty.handler.HttpHandler -- 

Request DefaultHttpRequest(decodeResult: success, version: HTTP/1.1)
POST /session/6dd95b39c962feb19c3b7c819eb02852/element/730AAEA76281086E92569EF66147A835_element_16/value HTTP/1.1
User-Agent: selenium/4.8.1 (java unix)
Content-Length: 258
Content-Type: application/json; charset=utf-8
host: localhost:11270
accept: */*

Response DefaultHttpResponse(decodeResult: success, version: HTTP/1.1)
HTTP/1.1 200 OK
Content-Length: 14
Content-Type: application/json; charset=utf-8
cache-control: no-cache

13:17:37.722 [AsyncHttpClient-1-5] DEBUG org.asynchttpclient.netty.channel.ChannelManager -- Adding key: http://localhost:11270 for channel [id: 0xe9c7c46b, L:/127.0.0.1:40926 - R:localhost/127.0.0.1:11270]
  &amp#27;[32mAnd &amp#27;[0m&amp#27;[32mI fill in my name as &amp#27;[0m&amp#27;[32m&amp#27;[1m'Cristiano Ronaldo'&amp#27;[0m                                 &amp#27;[90m# pt.tqs.ReserveFlightStepst.fillName(java.lang.String)&amp#27;[0m
13:17:37.723 [Forwarding findElement on session 6dd95b39c962feb19c3b7c819eb02852 to remote] DEBUG org.asynchttpclient.netty.request.NettyRequestSender -- Using pooled Channel '[id: 0xe9c7c46b, L:/127.0.0.1:40926 - R:localhost/127.0.0.1:11270]' for 'POST' to 'http://localhost:11270/session/6dd95b39c962feb19c3b7c819eb02852/element'
13:17:37.723 [Forwarding findElement on session 6dd95b39c962feb19c3b7c819eb02852 to remote] DEBUG org.asynchttpclient.netty.request.NettyRequestSender -- Using open Channel [id: 0xe9c7c46b, L:/127.0.0.1:40926 - R:localhost/127.0.0.1:11270] for POST '/session/6dd95b39c962feb19c3b7c819eb02852/element'
13:17:37.732 [AsyncHttpClient-1-5] DEBUG org.asynchttpclient.netty.handler.HttpHandler -- 

Request DefaultHttpRequest(decodeResult: success, version: HTTP/1.1)
POST /session/6dd95b39c962feb19c3b7c819eb02852/element HTTP/1.1
User-Agent: selenium/4.8.1 (java unix)
Content-Length: 49
Content-Type: application/json; charset=utf-8
host: localhost:11270
accept: */*

Response DefaultHttpResponse(decodeResult: success, version: HTTP/1.1)
HTTP/1.1 200 OK
Content-Length: 95
Content-Type: application/json; charset=utf-8
cache-control: no-cache

13:17:37.732 [AsyncHttpClient-1-5] DEBUG org.asynchttpclient.netty.channel.ChannelManager -- Adding key: http://localhost:11270 for channel [id: 0xe9c7c46b, L:/127.0.0.1:40926 - R:localhost/127.0.0.1:11270]
13:17:37.734 [Forwarding sendKeysToElement on session 6dd95b39c962feb19c3b7c819eb02852 to remote] DEBUG org.asynchttpclient.netty.request.NettyRequestSender -- Using pooled Channel '[id: 0xe9c7c46b, L:/127.0.0.1:40926 - R:localhost/127.0.0.1:11270]' for 'POST' to 'http://localhost:11270/session/6dd95b39c962feb19c3b7c819eb02852/element/730AAEA76281086E92569EF66147A835_element_20/value'
13:17:37.734 [Forwarding sendKeysToElement on session 6dd95b39c962feb19c3b7c819eb02852 to remote] DEBUG org.asynchttpclient.netty.request.NettyRequestSender -- Using open Channel [id: 0xe9c7c46b, L:/127.0.0.1:40926 - R:localhost/127.0.0.1:11270] for POST '/session/6dd95b39c962feb19c3b7c819eb02852/element/730AAEA76281086E92569EF66147A835_element_20/value'
13:17:37.770 [AsyncHttpClient-1-5] DEBUG org.asynchttpclient.netty.handler.HttpHandler -- 

Request DefaultHttpRequest(decodeResult: success, version: HTTP/1.1)
POST /session/6dd95b39c962feb19c3b7c819eb02852/element/730AAEA76281086E92569EF66147A835_element_20/value HTTP/1.1
User-Agent: selenium/4.8.1 (java unix)
Content-Length: 208
Content-Type: application/json; charset=utf-8
host: localhost:11270
accept: */*

Response DefaultHttpResponse(decodeResult: success, version: HTTP/1.1)
HTTP/1.1 200 OK
Content-Length: 14
Content-Type: application/json; charset=utf-8
cache-control: no-cache

13:17:37.770 [AsyncHttpClient-1-5] DEBUG org.asynchttpclient.netty.channel.ChannelManager -- Adding key: http://localhost:11270 for channel [id: 0xe9c7c46b, L:/127.0.0.1:40926 - R:localhost/127.0.0.1:11270]
  &amp#27;[32mAnd &amp#27;[0m&amp#27;[32mI fill in my city as &amp#27;[0m&amp#27;[32m&amp#27;[1m'Madeira City'&amp#27;[0m                                      &amp#27;[90m# pt.tqs.ReserveFlightStepst.fillCity(java.lang.String)&amp#27;[0m
13:17:37.772 [Forwarding findElement on session 6dd95b39c962feb19c3b7c819eb02852 to remote] DEBUG org.asynchttpclient.netty.request.NettyRequestSender -- Using pooled Channel '[id: 0xe9c7c46b, L:/127.0.0.1:40926 - R:localhost/127.0.0.1:11270]' for 'POST' to 'http://localhost:11270/session/6dd95b39c962feb19c3b7c819eb02852/element'
13:17:37.772 [Forwarding findElement on session 6dd95b39c962feb19c3b7c819eb02852 to remote] DEBUG org.asynchttpclient.netty.request.NettyRequestSender -- Using open Channel [id: 0xe9c7c46b, L:/127.0.0.1:40926 - R:localhost/127.0.0.1:11270] for POST '/session/6dd95b39c962feb19c3b7c819eb02852/element'
13:17:37.777 [AsyncHttpClient-1-5] DEBUG org.asynchttpclient.netty.handler.HttpHandler -- 

Request DefaultHttpRequest(decodeResult: success, version: HTTP/1.1)
POST /session/6dd95b39c962feb19c3b7c819eb02852/element HTTP/1.1
User-Agent: selenium/4.8.1 (java unix)
Content-Length: 56
Content-Type: application/json; charset=utf-8
host: localhost:11270
accept: */*

Response DefaultHttpResponse(decodeResult: success, version: HTTP/1.1)
HTTP/1.1 200 OK
Content-Length: 95
Content-Type: application/json; charset=utf-8
cache-control: no-cache

13:17:37.778 [AsyncHttpClient-1-5] DEBUG org.asynchttpclient.netty.channel.ChannelManager -- Adding key: http://localhost:11270 for channel [id: 0xe9c7c46b, L:/127.0.0.1:40926 - R:localhost/127.0.0.1:11270]
13:17:37.782 [Forwarding clickElement on session 6dd95b39c962feb19c3b7c819eb02852 to remote] DEBUG org.asynchttpclient.netty.request.NettyRequestSender -- Using pooled Channel '[id: 0xe9c7c46b, L:/127.0.0.1:40926 - R:localhost/127.0.0.1:11270]' for 'POST' to 'http://localhost:11270/session/6dd95b39c962feb19c3b7c819eb02852/element/730AAEA76281086E92569EF66147A835_element_21/click'
13:17:37.782 [Forwarding clickElement on session 6dd95b39c962feb19c3b7c819eb02852 to remote] DEBUG org.asynchttpclient.netty.request.NettyRequestSender -- Using open Channel [id: 0xe9c7c46b, L:/127.0.0.1:40926 - R:localhost/127.0.0.1:11270] for POST '/session/6dd95b39c962feb19c3b7c819eb02852/element/730AAEA76281086E92569EF66147A835_element_21/click'
13:17:38.251 [AsyncHttpClient-1-1] DEBUG org.asynchttpclient.netty.channel.DefaultChannelPool -- Entry count for : http://localhost:10163 : 1
13:17:38.251 [AsyncHttpClient-1-1] DEBUG org.asynchttpclient.netty.channel.DefaultChannelPool -- Entry count for : http://localhost:43443 : 1
13:17:38.251 [AsyncHttpClient-1-1] DEBUG org.asynchttpclient.netty.channel.DefaultChannelPool -- Entry count for : http://localhost:42599 : 1
13:17:38.476 [AsyncHttpClient-1-5] DEBUG org.asynchttpclient.netty.handler.HttpHandler -- 

Request DefaultHttpRequest(decodeResult: success, version: HTTP/1.1)
POST /session/6dd95b39c962feb19c3b7c819eb02852/element/730AAEA76281086E92569EF66147A835_element_21/click HTTP/1.1
User-Agent: selenium/4.8.1 (java unix)
Content-Length: 57
Content-Type: application/json; charset=utf-8
host: localhost:11270
accept: */*

Response DefaultHttpResponse(decodeResult: success, version: HTTP/1.1)
HTTP/1.1 200 OK
Content-Length: 14
Content-Type: application/json; charset=utf-8
cache-control: no-cache

13:17:38.477 [AsyncHttpClient-1-5] DEBUG org.asynchttpclient.netty.channel.ChannelManager -- Adding key: http://localhost:11270 for channel [id: 0xe9c7c46b, L:/127.0.0.1:40926 - R:localhost/127.0.0.1:11270]
  &amp#27;[32mAnd &amp#27;[0m&amp#27;[32mI click Purchase Flight button&amp#27;[0m                                           &amp#27;[90m# pt.tqs.ReserveFlightStepst.purchaseFlight()&amp#27;[0m
13:17:38.478 [Forwarding getTitle on session 6dd95b39c962feb19c3b7c819eb02852 to remote] DEBUG org.asynchttpclient.netty.request.NettyRequestSender -- Using pooled Channel '[id: 0xe9c7c46b, L:/127.0.0.1:40926 - R:localhost/127.0.0.1:11270]' for 'GET' to 'http://localhost:11270/session/6dd95b39c962feb19c3b7c819eb02852/title'
13:17:38.478 [Forwarding getTitle on session 6dd95b39c962feb19c3b7c819eb02852 to remote] DEBUG org.asynchttpclient.netty.request.NettyRequestSender -- Using open Channel [id: 0xe9c7c46b, L:/127.0.0.1:40926 - R:localhost/127.0.0.1:11270] for GET '/session/6dd95b39c962feb19c3b7c819eb02852/title'
13:17:38.482 [AsyncHttpClient-1-5] DEBUG org.asynchttpclient.netty.handler.HttpHandler -- 

Request DefaultFullHttpRequest(decodeResult: success, version: HTTP/1.1, content: EmptyByteBufBE)
GET /session/6dd95b39c962feb19c3b7c819eb02852/title HTTP/1.1
User-Agent: selenium/4.8.1 (java unix)
Cache-Control: no-cache
Content-Type: application/json; charset=utf-8
host: localhost:11270
accept: */*

Response DefaultHttpResponse(decodeResult: success, version: HTTP/1.1)
HTTP/1.1 200 OK
Content-Length: 34
Content-Type: application/json; charset=utf-8
cache-control: no-cache

13:17:38.482 [AsyncHttpClient-1-5] DEBUG org.asynchttpclient.netty.channel.ChannelManager -- Adding key: http://localhost:11270 for channel [id: 0xe9c7c46b, L:/127.0.0.1:40926 - R:localhost/127.0.0.1:11270]
  &amp#27;[32mThen &amp#27;[0m&amp#27;[32mPage title should be &amp#27;[0m&amp#27;[32m&amp#27;[1m'BlazeDemo Confirmation'&amp#27;[0m                           &amp#27;[90m# pt.tqs.ReserveFlightStepst.assertTitle(java.lang.String)&amp#27;[0m
]]></system-out>
    <system-err><![CDATA[Starting ChromeDriver 114.0.5735.90 (386bc09e8f4f2e025eddae123f36f6263096ae49-refs/branch-heads/5735@{#1052}) on port 11270
Only local connections are allowed.
Please see https://chromedriver.chromium.org/security-considerations for suggestions on keeping ChromeDriver safe.
ChromeDriver was started successfully.
mar. 16, 2024 1:17:35 DA TARDE org.openqa.selenium.devtools.CdpVersionFinder findNearestMatch
WARNING: Unable to find an exact match for CDP version 114, so returning the closest version found: 110
]]></system-err>
  </testcase>
</testsuite>